This is pdfTeX, Version 3.14159265-2.6-1.40.21 (MiKTeX 2.9.7300 64-bit) (preloaded format=pdflatex 2020.2.11)  14 JAN 2022 11:18
entering extended mode
**./main.tex
(main.tex
LaTeX2e <2020-02-02> patch level 1
L3 programming layer <2020-02-08>
("C:\Users\Uporabnik\AppData\Local\Programs\MiKTeX 2.9.(1)\tex/latex/base\artic
le.cls"
Document Class: article 2019/12/20 v1.4l Standard LaTeX document class

("C:\Users\Uporabnik\AppData\Local\Programs\MiKTeX 2.9.(1)\tex/latex/base\size1
1.clo"
File: size11.clo 2019/12/20 v1.4l Standard LaTeX file (size option)
)
\c@part=\count167
\c@section=\count168
\c@subsection=\count169
\c@subsubsection=\count170
\c@paragraph=\count171
\c@subparagraph=\count172
\c@figure=\count173
\c@table=\count174
\abovecaptionskip=\skip47
\belowcaptionskip=\skip48
\bibindent=\dimen134
)
("C:\Users\Uporabnik\AppData\Local\Programs\MiKTeX 2.9.(1)\tex/latex/graphics\g
raphicx.sty"
Package: graphicx 2019/11/30 v1.2a Enhanced LaTeX Graphics (DPC,SPQR)

("C:\Users\Uporabnik\AppData\Local\Programs\MiKTeX 2.9.(1)\tex/latex/graphics\k
eyval.sty"
Package: keyval 2014/10/28 v1.15 key=value parser (DPC)
\KV@toks@=\toks14
)
("C:\Users\Uporabnik\AppData\Local\Programs\MiKTeX 2.9.(1)\tex/latex/graphics\g
raphics.sty"
Package: graphics 2019/11/30 v1.4a Standard LaTeX Graphics (DPC,SPQR)

("C:\Users\Uporabnik\AppData\Local\Programs\MiKTeX 2.9.(1)\tex/latex/graphics\t
rig.sty"
Package: trig 2016/01/03 v1.10 sin cos tan (DPC)
)
("C:\Users\Uporabnik\AppData\Local\Programs\MiKTeX 2.9.(1)\tex/latex/graphics-c
fg\graphics.cfg"
File: graphics.cfg 2016/06/04 v1.11 sample graphics configuration
)
Package graphics Info: Driver file: pdftex.def on input line 105.

("C:\Users\Uporabnik\AppData\Local\Programs\MiKTeX 2.9.(1)\tex/latex/graphics-d
ef\pdftex.def"
File: pdftex.def 2018/01/08 v1.0l Graphics/color driver for pdftex
))
\Gin@req@height=\dimen135
\Gin@req@width=\dimen136
)
("C:\Users\Uporabnik\AppData\Local\Programs\MiKTeX 2.9.(1)\tex/latex/siunitx\si
unitx.sty"
("C:\Users\Uporabnik\AppData\Local\Programs\MiKTeX 2.9.(1)\tex/latex/l3kernel\e
xpl3.sty"
Package: expl3 2020-02-08 L3 programming layer (loader) 

("C:\Users\Uporabnik\AppData\Local\Programs\MiKTeX 2.9.(1)\tex/latex/l3backend\
l3backend-pdfmode.def"
File: l3backend-pdfmode.def 2020-02-03 L3 backend support: PDF mode
\l__kernel_color_stack_int=\count175
\l__pdf_internal_box=\box45
))
("C:\Users\Uporabnik\AppData\Local\Programs\MiKTeX 2.9.(1)\tex/latex/l3packages
/xparse\xparse.sty"
Package: xparse 2020-02-08 L3 Experimental document command parser
\l__xparse_current_arg_int=\count176
\g__xparse_grabber_int=\count177
\l__xparse_m_args_int=\count178
\l__xparse_v_nesting_int=\count179
)
Package: siunitx 2020/01/15 v2.7u A comprehensive (SI) units package

("C:\Users\Uporabnik\AppData\Local\Programs\MiKTeX 2.9.(1)\tex/latex/amsmath\am
stext.sty"
Package: amstext 2000/06/29 v2.01 AMS text

("C:\Users\Uporabnik\AppData\Local\Programs\MiKTeX 2.9.(1)\tex/latex/amsmath\am
sgen.sty"
File: amsgen.sty 1999/11/30 v2.0 generic functions
\@emptytoks=\toks15
\ex@=\dimen137
))
("C:\Users\Uporabnik\AppData\Local\Programs\MiKTeX 2.9.(1)\tex/latex/tools\arra
y.sty"
Package: array 2019/08/31 v2.4l Tabular extension package (FMi)
\col@sep=\dimen138
\ar@mcellbox=\box46
\extrarowheight=\dimen139
\NC@list=\toks16
\extratabsurround=\skip49
\backup@length=\skip50
\ar@cellbox=\box47
)
("C:\Users\Uporabnik\AppData\Local\Programs\MiKTeX 2.9.(1)\tex/latex/l3packages
/l3keys2e\l3keys2e.sty"
Package: l3keys2e 2020-02-08 LaTeX2e option processing using LaTeX3 keys
)
\l__siunitx_tmp_box=\box48
\l__siunitx_tmp_dim=\dimen140
\l__siunitx_tmp_int=\count180
\l__siunitx_number_mantissa_length_int=\count181
\l__siunitx_number_uncert_length_int=\count182
\l__siunitx_round_int=\count183
\l__siunitx_process_decimal_int=\count184
\l__siunitx_process_uncertainty_int=\count185
\l__siunitx_process_fixed_int=\count186
\l__siunitx_process_integer_min_int=\count187
\l__siunitx_process_precision_int=\count188
\l__siunitx_group_min_int=\count189
\l__siunitx_angle_marker_box=\box49
\l__siunitx_angle_unit_box=\box50
\l__siunitx_angle_marker_dim=\dimen141
\l__siunitx_angle_unit_dim=\dimen142
\l__siunitx_unit_int=\count190
\l__siunitx_unit_denominator_int=\count191
\l__siunitx_unit_numerator_int=\count192
\l__siunitx_unit_prefix_int=\count193
\l__siunitx_unit_prefix_base_int=\count194
\l__siunitx_unit_prefix_gram_int=\count195
\l__siunitx_number_product_int=\count196
\c__siunitx_one_fill_skip=\skip51
\l__siunitx_table_unit_align_skip=\skip52
\l__siunitx_table_exponent_dim=\dimen143
\l__siunitx_table_integer_dim=\dimen144
\l__siunitx_table_mantissa_dim=\dimen145
\l__siunitx_table_marker_dim=\dimen146
\l__siunitx_table_result_dim=\dimen147
\l__siunitx_table_uncert_dim=\dimen148
\l__siunitx_table_fill_pre_dim=\dimen149
\l__siunitx_table_fill_post_dim=\dimen150
\l__siunitx_table_fill_mid_dim=\dimen151
\l__siunitx_table_pre_box=\box51
\l__siunitx_table_post_box=\box52
\l__siunitx_table_mantissa_box=\box53
\l__siunitx_table_result_box=\box54
\l__siunitx_table_number_align_skip=\skip53
\l__siunitx_table_text_align_skip=\skip54

("C:\Users\Uporabnik\AppData\Local\Programs\MiKTeX 2.9.(1)\tex/latex/translator
\translator.sty"
Package: translator 2019-05-31 v1.12a Easy translation of strings in LaTeX
))
("C:\Users\Uporabnik\AppData\Local\Programs\MiKTeX 2.9.(1)\tex/latex/pgf/fronte
ndlayer\tikz.sty"
("C:\Users\Uporabnik\AppData\Local\Programs\MiKTeX 2.9.(1)\tex/latex/pgf/basicl
ayer\pgf.sty"
("C:\Users\Uporabnik\AppData\Local\Programs\MiKTeX 2.9.(1)\tex/latex/pgf/utilit
ies\pgfrcs.sty"
("C:\Users\Uporabnik\AppData\Local\Programs\MiKTeX 2.9.(1)\tex/generic/pgf/util
ities\pgfutil-common.tex"
\pgfutil@everybye=\toks17
\pgfutil@tempdima=\dimen152
\pgfutil@tempdimb=\dimen153

("C:\Users\Uporabnik\AppData\Local\Programs\MiKTeX 2.9.(1)\tex/generic/pgf/util
ities\pgfutil-common-lists.tex"))
("C:\Users\Uporabnik\AppData\Local\Programs\MiKTeX 2.9.(1)\tex/generic/pgf/util
ities\pgfutil-latex.def"
\pgfutil@abb=\box55

("C:\Users\Uporabnik\AppData\Local\Programs\MiKTeX 2.9.(1)\tex/latex/ms\everysh
i.sty"
Package: everyshi 2001/05/15 v3.00 EveryShipout Package (MS)
))
("C:\Users\Uporabnik\AppData\Local\Programs\MiKTeX 2.9.(1)\tex/generic/pgf/util
ities\pgfrcs.code.tex"
("C:\Users\Uporabnik\AppData\Local\Programs\MiKTeX 2.9.(1)\tex/generic/pgf\pgf.
revision.tex")
Package: pgfrcs 2020/01/08 v3.1.5b (3.1.5b)
))
Package: pgf 2020/01/08 v3.1.5b (3.1.5b)

("C:\Users\Uporabnik\AppData\Local\Programs\MiKTeX 2.9.(1)\tex/latex/pgf/basicl
ayer\pgfcore.sty"
("C:\Users\Uporabnik\AppData\Local\Programs\MiKTeX 2.9.(1)\tex/latex/pgf/system
layer\pgfsys.sty"
("C:\Users\Uporabnik\AppData\Local\Programs\MiKTeX 2.9.(1)\tex/generic/pgf/syst
emlayer\pgfsys.code.tex"
Package: pgfsys 2020/01/08 v3.1.5b (3.1.5b)

("C:\Users\Uporabnik\AppData\Local\Programs\MiKTeX 2.9.(1)\tex/generic/pgf/util
ities\pgfkeys.code.tex"
\pgfkeys@pathtoks=\toks18
\pgfkeys@temptoks=\toks19

("C:\Users\Uporabnik\AppData\Local\Programs\MiKTeX 2.9.(1)\tex/generic/pgf/util
ities\pgfkeysfiltered.code.tex"
\pgfkeys@tmptoks=\toks20
))
\pgf@x=\dimen154
\pgf@y=\dimen155
\pgf@xa=\dimen156
\pgf@ya=\dimen157
\pgf@xb=\dimen158
\pgf@yb=\dimen159
\pgf@xc=\dimen160
\pgf@yc=\dimen161
\pgf@xd=\dimen162
\pgf@yd=\dimen163
\w@pgf@writea=\write3
\r@pgf@reada=\read2
\c@pgf@counta=\count197
\c@pgf@countb=\count198
\c@pgf@countc=\count199
\c@pgf@countd=\count266
\t@pgf@toka=\toks21
\t@pgf@tokb=\toks22
\t@pgf@tokc=\toks23
\pgf@sys@id@count=\count267

("C:\Users\Uporabnik\AppData\Local\Programs\MiKTeX 2.9.(1)\tex/generic/pgf/syst
emlayer\pgf.cfg"
File: pgf.cfg 2020/01/08 v3.1.5b (3.1.5b)
)
Driver file for pgf: pgfsys-pdftex.def

("C:\Users\Uporabnik\AppData\Local\Programs\MiKTeX 2.9.(1)\tex/generic/pgf/syst
emlayer\pgfsys-pdftex.def"
File: pgfsys-pdftex.def 2020/01/08 v3.1.5b (3.1.5b)

("C:\Users\Uporabnik\AppData\Local\Programs\MiKTeX 2.9.(1)\tex/generic/pgf/syst
emlayer\pgfsys-common-pdf.def"
File: pgfsys-common-pdf.def 2020/01/08 v3.1.5b (3.1.5b)
)))
("C:\Users\Uporabnik\AppData\Local\Programs\MiKTeX 2.9.(1)\tex/generic/pgf/syst
emlayer\pgfsyssoftpath.code.tex"
File: pgfsyssoftpath.code.tex 2020/01/08 v3.1.5b (3.1.5b)
\pgfsyssoftpath@smallbuffer@items=\count268
\pgfsyssoftpath@bigbuffer@items=\count269
)
("C:\Users\Uporabnik\AppData\Local\Programs\MiKTeX 2.9.(1)\tex/generic/pgf/syst
emlayer\pgfsysprotocol.code.tex"
File: pgfsysprotocol.code.tex 2020/01/08 v3.1.5b (3.1.5b)
))
("C:\Users\Uporabnik\AppData\Local\Programs\MiKTeX 2.9.(1)\tex/latex/xcolor\xco
lor.sty"
Package: xcolor 2016/05/11 v2.12 LaTeX color extensions (UK)

("C:\Users\Uporabnik\AppData\Local\Programs\MiKTeX 2.9.(1)\tex/latex/graphics-c
fg\color.cfg"
File: color.cfg 2016/01/02 v1.6 sample color configuration
)
Package xcolor Info: Driver file: pdftex.def on input line 225.
Package xcolor Info: Model `cmy' substituted by `cmy0' on input line 1348.
Package xcolor Info: Model `hsb' substituted by `rgb' on input line 1352.
Package xcolor Info: Model `RGB' extended on input line 1364.
Package xcolor Info: Model `HTML' substituted by `rgb' on input line 1366.
Package xcolor Info: Model `Hsb' substituted by `hsb' on input line 1367.
Package xcolor Info: Model `tHsb' substituted by `hsb' on input line 1368.
Package xcolor Info: Model `HSB' substituted by `hsb' on input line 1369.
Package xcolor Info: Model `Gray' substituted by `gray' on input line 1370.
Package xcolor Info: Model `wave' substituted by `hsb' on input line 1371.
)
("C:\Users\Uporabnik\AppData\Local\Programs\MiKTeX 2.9.(1)\tex/generic/pgf/basi
clayer\pgfcore.code.tex"
Package: pgfcore 2020/01/08 v3.1.5b (3.1.5b)

("C:\Users\Uporabnik\AppData\Local\Programs\MiKTeX 2.9.(1)\tex/generic/pgf/math
\pgfmath.code.tex"
("C:\Users\Uporabnik\AppData\Local\Programs\MiKTeX 2.9.(1)\tex/generic/pgf/math
\pgfmathcalc.code.tex"
("C:\Users\Uporabnik\AppData\Local\Programs\MiKTeX 2.9.(1)\tex/generic/pgf/math
\pgfmathutil.code.tex")
("C:\Users\Uporabnik\AppData\Local\Programs\MiKTeX 2.9.(1)\tex/generic/pgf/math
\pgfmathparser.code.tex"
\pgfmath@dimen=\dimen164
\pgfmath@count=\count270
\pgfmath@box=\box56
\pgfmath@toks=\toks24
\pgfmath@stack@operand=\toks25
\pgfmath@stack@operation=\toks26
)
("C:\Users\Uporabnik\AppData\Local\Programs\MiKTeX 2.9.(1)\tex/generic/pgf/math
\pgfmathfunctions.code.tex"
("C:\Users\Uporabnik\AppData\Local\Programs\MiKTeX 2.9.(1)\tex/generic/pgf/math
\pgfmathfunctions.basic.code.tex")
("C:\Users\Uporabnik\AppData\Local\Programs\MiKTeX 2.9.(1)\tex/generic/pgf/math
\pgfmathfunctions.trigonometric.code.tex")
("C:\Users\Uporabnik\AppData\Local\Programs\MiKTeX 2.9.(1)\tex/generic/pgf/math
\pgfmathfunctions.random.code.tex")
("C:\Users\Uporabnik\AppData\Local\Programs\MiKTeX 2.9.(1)\tex/generic/pgf/math
\pgfmathfunctions.comparison.code.tex")
("C:\Users\Uporabnik\AppData\Local\Programs\MiKTeX 2.9.(1)\tex/generic/pgf/math
\pgfmathfunctions.base.code.tex")
("C:\Users\Uporabnik\AppData\Local\Programs\MiKTeX 2.9.(1)\tex/generic/pgf/math
\pgfmathfunctions.round.code.tex")
("C:\Users\Uporabnik\AppData\Local\Programs\MiKTeX 2.9.(1)\tex/generic/pgf/math
\pgfmathfunctions.misc.code.tex")
("C:\Users\Uporabnik\AppData\Local\Programs\MiKTeX 2.9.(1)\tex/generic/pgf/math
\pgfmathfunctions.integerarithmetics.code.tex")))
("C:\Users\Uporabnik\AppData\Local\Programs\MiKTeX 2.9.(1)\tex/generic/pgf/math
\pgfmathfloat.code.tex"
\c@pgfmathroundto@lastzeros=\count271
))
("C:\Users\Uporabnik\AppData\Local\Programs\MiKTeX 2.9.(1)\tex/generic/pgf/math
\pgfint.code.tex")
("C:\Users\Uporabnik\AppData\Local\Programs\MiKTeX 2.9.(1)\tex/generic/pgf/basi
clayer\pgfcorepoints.code.tex"
File: pgfcorepoints.code.tex 2020/01/08 v3.1.5b (3.1.5b)
\pgf@picminx=\dimen165
\pgf@picmaxx=\dimen166
\pgf@picminy=\dimen167
\pgf@picmaxy=\dimen168
\pgf@pathminx=\dimen169
\pgf@pathmaxx=\dimen170
\pgf@pathminy=\dimen171
\pgf@pathmaxy=\dimen172
\pgf@xx=\dimen173
\pgf@xy=\dimen174
\pgf@yx=\dimen175
\pgf@yy=\dimen176
\pgf@zx=\dimen177
\pgf@zy=\dimen178
)
("C:\Users\Uporabnik\AppData\Local\Programs\MiKTeX 2.9.(1)\tex/generic/pgf/basi
clayer\pgfcorepathconstruct.code.tex"
File: pgfcorepathconstruct.code.tex 2020/01/08 v3.1.5b (3.1.5b)
\pgf@path@lastx=\dimen179
\pgf@path@lasty=\dimen180
)
("C:\Users\Uporabnik\AppData\Local\Programs\MiKTeX 2.9.(1)\tex/generic/pgf/basi
clayer\pgfcorepathusage.code.tex"
File: pgfcorepathusage.code.tex 2020/01/08 v3.1.5b (3.1.5b)
\pgf@shorten@end@additional=\dimen181
\pgf@shorten@start@additional=\dimen182
)
("C:\Users\Uporabnik\AppData\Local\Programs\MiKTeX 2.9.(1)\tex/generic/pgf/basi
clayer\pgfcorescopes.code.tex"
File: pgfcorescopes.code.tex 2020/01/08 v3.1.5b (3.1.5b)
\pgfpic=\box57
\pgf@hbox=\box58
\pgf@layerbox@main=\box59
\pgf@picture@serial@count=\count272
)
("C:\Users\Uporabnik\AppData\Local\Programs\MiKTeX 2.9.(1)\tex/generic/pgf/basi
clayer\pgfcoregraphicstate.code.tex"
File: pgfcoregraphicstate.code.tex 2020/01/08 v3.1.5b (3.1.5b)
\pgflinewidth=\dimen183
)
("C:\Users\Uporabnik\AppData\Local\Programs\MiKTeX 2.9.(1)\tex/generic/pgf/basi
clayer\pgfcoretransformations.code.tex"
File: pgfcoretransformations.code.tex 2020/01/08 v3.1.5b (3.1.5b)
\pgf@pt@x=\dimen184
\pgf@pt@y=\dimen185
\pgf@pt@temp=\dimen186
)
("C:\Users\Uporabnik\AppData\Local\Programs\MiKTeX 2.9.(1)\tex/generic/pgf/basi
clayer\pgfcorequick.code.tex"
File: pgfcorequick.code.tex 2020/01/08 v3.1.5b (3.1.5b)
)
("C:\Users\Uporabnik\AppData\Local\Programs\MiKTeX 2.9.(1)\tex/generic/pgf/basi
clayer\pgfcoreobjects.code.tex"
File: pgfcoreobjects.code.tex 2020/01/08 v3.1.5b (3.1.5b)
)
("C:\Users\Uporabnik\AppData\Local\Programs\MiKTeX 2.9.(1)\tex/generic/pgf/basi
clayer\pgfcorepathprocessing.code.tex"
File: pgfcorepathprocessing.code.tex 2020/01/08 v3.1.5b (3.1.5b)
)
("C:\Users\Uporabnik\AppData\Local\Programs\MiKTeX 2.9.(1)\tex/generic/pgf/basi
clayer\pgfcorearrows.code.tex"
File: pgfcorearrows.code.tex 2020/01/08 v3.1.5b (3.1.5b)
\pgfarrowsep=\dimen187
)
("C:\Users\Uporabnik\AppData\Local\Programs\MiKTeX 2.9.(1)\tex/generic/pgf/basi
clayer\pgfcoreshade.code.tex"
File: pgfcoreshade.code.tex 2020/01/08 v3.1.5b (3.1.5b)
\pgf@max=\dimen188
\pgf@sys@shading@range@num=\count273
\pgf@shadingcount=\count274
)
("C:\Users\Uporabnik\AppData\Local\Programs\MiKTeX 2.9.(1)\tex/generic/pgf/basi
clayer\pgfcoreimage.code.tex"
File: pgfcoreimage.code.tex 2020/01/08 v3.1.5b (3.1.5b)

("C:\Users\Uporabnik\AppData\Local\Programs\MiKTeX 2.9.(1)\tex/generic/pgf/basi
clayer\pgfcoreexternal.code.tex"
File: pgfcoreexternal.code.tex 2020/01/08 v3.1.5b (3.1.5b)
\pgfexternal@startupbox=\box60
))
("C:\Users\Uporabnik\AppData\Local\Programs\MiKTeX 2.9.(1)\tex/generic/pgf/basi
clayer\pgfcorelayers.code.tex"
File: pgfcorelayers.code.tex 2020/01/08 v3.1.5b (3.1.5b)
)
("C:\Users\Uporabnik\AppData\Local\Programs\MiKTeX 2.9.(1)\tex/generic/pgf/basi
clayer\pgfcoretransparency.code.tex"
File: pgfcoretransparency.code.tex 2020/01/08 v3.1.5b (3.1.5b)
)
("C:\Users\Uporabnik\AppData\Local\Programs\MiKTeX 2.9.(1)\tex/generic/pgf/basi
clayer\pgfcorepatterns.code.tex"
File: pgfcorepatterns.code.tex 2020/01/08 v3.1.5b (3.1.5b)
)
("C:\Users\Uporabnik\AppData\Local\Programs\MiKTeX 2.9.(1)\tex/generic/pgf/basi
clayer\pgfcorerdf.code.tex"
File: pgfcorerdf.code.tex 2020/01/08 v3.1.5b (3.1.5b)
)))
("C:\Users\Uporabnik\AppData\Local\Programs\MiKTeX 2.9.(1)\tex/generic/pgf/modu
les\pgfmoduleshapes.code.tex"
File: pgfmoduleshapes.code.tex 2020/01/08 v3.1.5b (3.1.5b)
\pgfnodeparttextbox=\box61
)
("C:\Users\Uporabnik\AppData\Local\Programs\MiKTeX 2.9.(1)\tex/generic/pgf/modu
les\pgfmoduleplot.code.tex"
File: pgfmoduleplot.code.tex 2020/01/08 v3.1.5b (3.1.5b)
)
("C:\Users\Uporabnik\AppData\Local\Programs\MiKTeX 2.9.(1)\tex/latex/pgf/compat
ibility\pgfcomp-version-0-65.sty"
Package: pgfcomp-version-0-65 2020/01/08 v3.1.5b (3.1.5b)
\pgf@nodesepstart=\dimen189
\pgf@nodesepend=\dimen190
)
("C:\Users\Uporabnik\AppData\Local\Programs\MiKTeX 2.9.(1)\tex/latex/pgf/compat
ibility\pgfcomp-version-1-18.sty"
Package: pgfcomp-version-1-18 2020/01/08 v3.1.5b (3.1.5b)
))
("C:\Users\Uporabnik\AppData\Local\Programs\MiKTeX 2.9.(1)\tex/latex/pgf/utilit
ies\pgffor.sty"
("C:\Users\Uporabnik\AppData\Local\Programs\MiKTeX 2.9.(1)\tex/latex/pgf/utilit
ies\pgfkeys.sty"
("C:\Users\Uporabnik\AppData\Local\Programs\MiKTeX 2.9.(1)\tex/generic/pgf/util
ities\pgfkeys.code.tex"))
("C:\Users\Uporabnik\AppData\Local\Programs\MiKTeX 2.9.(1)\tex/latex/pgf/math\p
gfmath.sty"
("C:\Users\Uporabnik\AppData\Local\Programs\MiKTeX 2.9.(1)\tex/generic/pgf/math
\pgfmath.code.tex"))
("C:\Users\Uporabnik\AppData\Local\Programs\MiKTeX 2.9.(1)\tex/generic/pgf/util
ities\pgffor.code.tex"
Package: pgffor 2020/01/08 v3.1.5b (3.1.5b)

("C:\Users\Uporabnik\AppData\Local\Programs\MiKTeX 2.9.(1)\tex/generic/pgf/math
\pgfmath.code.tex")
\pgffor@iter=\dimen191
\pgffor@skip=\dimen192
\pgffor@stack=\toks27
\pgffor@toks=\toks28
))
("C:\Users\Uporabnik\AppData\Local\Programs\MiKTeX 2.9.(1)\tex/generic/pgf/fron
tendlayer/tikz\tikz.code.tex"
Package: tikz 2020/01/08 v3.1.5b (3.1.5b)

("C:\Users\Uporabnik\AppData\Local\Programs\MiKTeX 2.9.(1)\tex/generic/pgf/libr
aries\pgflibraryplothandlers.code.tex"
File: pgflibraryplothandlers.code.tex 2020/01/08 v3.1.5b (3.1.5b)
\pgf@plot@mark@count=\count275
\pgfplotmarksize=\dimen193
)
\tikz@lastx=\dimen194
\tikz@lasty=\dimen195
\tikz@lastxsaved=\dimen196
\tikz@lastysaved=\dimen197
\tikz@lastmovetox=\dimen198
\tikz@lastmovetoy=\dimen199
\tikzleveldistance=\dimen256
\tikzsiblingdistance=\dimen257
\tikz@figbox=\box62
\tikz@figbox@bg=\box63
\tikz@tempbox=\box64
\tikz@tempbox@bg=\box65
\tikztreelevel=\count276
\tikznumberofchildren=\count277
\tikznumberofcurrentchild=\count278
\tikz@fig@count=\count279

("C:\Users\Uporabnik\AppData\Local\Programs\MiKTeX 2.9.(1)\tex/generic/pgf/modu
les\pgfmodulematrix.code.tex"
File: pgfmodulematrix.code.tex 2020/01/08 v3.1.5b (3.1.5b)
\pgfmatrixcurrentrow=\count280
\pgfmatrixcurrentcolumn=\count281
\pgf@matrix@numberofcolumns=\count282
)
\tikz@expandcount=\count283

("C:\Users\Uporabnik\AppData\Local\Programs\MiKTeX 2.9.(1)\tex/generic/pgf/fron
tendlayer/tikz/libraries\tikzlibrarytopaths.code.tex"
File: tikzlibrarytopaths.code.tex 2020/01/08 v3.1.5b (3.1.5b)
)))
("C:\Users\Uporabnik\AppData\Local\Programs\MiKTeX 2.9.(1)\tex/latex/float\floa
t.sty"
Package: float 2001/11/08 v1.3d Float enhancements (AL)
\c@float@type=\count284
\float@exts=\toks29
\float@box=\box66
\@float@everytoks=\toks30
\@floatcapt=\box67
)
("C:\Users\Uporabnik\AppData\Local\Programs\MiKTeX 2.9.(1)\tex/latex/geometry\g
eometry.sty"
Package: geometry 2020/01/02 v5.9 Page Geometry

("C:\Users\Uporabnik\AppData\Local\Programs\MiKTeX 2.9.(1)\tex/generic/iftex\if
vtex.sty"
Package: ifvtex 2019/10/25 v1.7 ifvtex legacy package. Use iftex instead.

("C:\Users\Uporabnik\AppData\Local\Programs\MiKTeX 2.9.(1)\tex/generic/iftex\if
tex.sty"
Package: iftex 2019/11/07 v1.0c TeX engine tests
))
\Gm@cnth=\count285
\Gm@cntv=\count286
\c@Gm@tempcnt=\count287
\Gm@bindingoffset=\dimen258
\Gm@wd@mp=\dimen259
\Gm@odd@mp=\dimen260
\Gm@even@mp=\dimen261
\Gm@layoutwidth=\dimen262
\Gm@layoutheight=\dimen263
\Gm@layouthoffset=\dimen264
\Gm@layoutvoffset=\dimen265
\Gm@dimlist=\toks31

("C:\Users\Uporabnik\AppData\Local\Programs\MiKTeX 2.9.(1)\tex/latex/geometry\g
eometry.cfg"))
("C:\Users\Uporabnik\AppData\Local\Programs\MiKTeX 2.9.(1)\tex/latex/preprint\f
ullpage.sty"
Package: fullpage 1999/02/23 1.1 (PWD)
\FP@margin=\skip55
)
("C:\Users\Uporabnik\AppData\Local\Programs\MiKTeX 2.9.(1)\tex/latex/a4wide\a4w
ide.sty"
Package: a4wide 1994/08/30

("C:\Users\Uporabnik\AppData\Local\Programs\MiKTeX 2.9.(1)\tex/latex/ntgclass\a
4.sty"
Package: a4 2004/04/15 v1.2g A4 based page layout
))
("C:\Users\Uporabnik\AppData\Local\Programs\MiKTeX 2.9.(1)\tex/latex/amsmath\am
smath.sty"
Package: amsmath 2020/01/20 v2.17e AMS math features
\@mathmargin=\skip56

For additional information on amsmath, use the `?' option.

("C:\Users\Uporabnik\AppData\Local\Programs\MiKTeX 2.9.(1)\tex/latex/amsmath\am
sbsy.sty"
Package: amsbsy 1999/11/29 v1.2d Bold Symbols
\pmbraise@=\dimen266
)
("C:\Users\Uporabnik\AppData\Local\Programs\MiKTeX 2.9.(1)\tex/latex/amsmath\am
sopn.sty"
Package: amsopn 2016/03/08 v2.02 operator names
)
\inf@bad=\count288
LaTeX Info: Redefining \frac on input line 227.
\uproot@=\count289
\leftroot@=\count290
LaTeX Info: Redefining \overline on input line 389.
\classnum@=\count291
\DOTSCASE@=\count292
LaTeX Info: Redefining \ldots on input line 486.
LaTeX Info: Redefining \dots on input line 489.
LaTeX Info: Redefining \cdots on input line 610.
\Mathstrutbox@=\box68
\strutbox@=\box69
\big@size=\dimen267
LaTeX Font Info:    Redeclaring font encoding OML on input line 733.
LaTeX Font Info:    Redeclaring font encoding OMS on input line 734.
\macc@depth=\count293
\c@MaxMatrixCols=\count294
\dotsspace@=\muskip16
\c@parentequation=\count295
\dspbrk@lvl=\count296
\tag@help=\toks32
\row@=\count297
\column@=\count298
\maxfields@=\count299
\andhelp@=\toks33
\eqnshift@=\dimen268
\alignsep@=\dimen269
\tagshift@=\dimen270
\tagwidth@=\dimen271
\totwidth@=\dimen272
\lineht@=\dimen273
\@envbody=\toks34
\multlinegap=\skip57
\multlinetaggap=\skip58
\mathdisplay@stack=\toks35
LaTeX Info: Redefining \[ on input line 2859.
LaTeX Info: Redefining \] on input line 2860.
)
("C:\Users\Uporabnik\AppData\Local\Programs\MiKTeX 2.9.(1)\tex/latex/amsfonts\a
msfonts.sty"
Package: amsfonts 2013/01/14 v3.01 Basic AMSFonts support
\symAMSa=\mathgroup4
\symAMSb=\mathgroup5
LaTeX Font Info:    Redeclaring math symbol \hbar on input line 98.
LaTeX Font Info:    Overwriting math alphabet `\mathfrak' in version `bold'
(Font)                  U/euf/m/n --> U/euf/b/n on input line 106.
)
("C:\Users\Uporabnik\AppData\Local\Programs\MiKTeX 2.9.(1)\tex/latex/jknappen\m
athrsfs.sty"
Package: mathrsfs 1996/01/01 Math RSFS package v1.0 (jk)
\symrsfs=\mathgroup6
)

! LaTeX Error: Option clash for package color.

See the LaTeX manual or LaTeX Companion for explanation.
Type  H <return>  for immediate help.
 ...                                              
                                                  
l.17 \usepackage
                [utf8]{inputenc}
The package color has already been loaded with options:
  []
There has now been an attempt to load it with options
  [usenames]
Adding the global options:
  ,usenames
to your \documentclass declaration may fix this.
Try typing  <return>  to proceed.


("C:\Users\Uporabnik\AppData\Local\Programs\MiKTeX 2.9.(1)\tex/latex/base\input
enc.sty"
Package: inputenc 2018/08/11 v1.3c Input encoding file
\inpenc@prehook=\toks36
\inpenc@posthook=\toks37
)
("C:\Users\Uporabnik\AppData\Local\Programs\MiKTeX 2.9.(1)\tex/latex/caption\ca
ption.sty"
Package: caption 2020/01/03 v3.4h Customizing captions (AR)

("C:\Users\Uporabnik\AppData\Local\Programs\MiKTeX 2.9.(1)\tex/latex/caption\ca
ption3.sty"
Package: caption3 2020/01/03 v1.8h caption3 kernel (AR)
Package caption3 Info: TeX engine: e-TeX on input line 61.
\captionmargin=\dimen274
\captionmargin@=\dimen275
\captionwidth=\dimen276
\caption@tempdima=\dimen277
\caption@indent=\dimen278
\caption@parindent=\dimen279
\caption@hangindent=\dimen280
Package caption Info: Standard document class detected.
)
\c@caption@flags=\count300
\c@continuedfloat=\count301
Package caption Info: float package is loaded.
)
("C:\Users\Uporabnik\AppData\Local\Programs\MiKTeX 2.9.(1)\tex/latex/newfloat\n
ewfloat.sty"
Package: newfloat 2019/09/02 v1.1l Defining new floating environments (AR)
)
Package newfloat Info: New float `equ' with options `' on input line 21.
\c@equ=\count302
Package newfloat Info: float type `equ'=4 on input line 21.

No file main.aux.
\openout1 = `main.aux'.

LaTeX Font Info:    Checking defaults for OML/cmm/m/it on input line 82.
LaTeX Font Info:    ... okay on input line 82.
LaTeX Font Info:    Checking defaults for OMS/cmsy/m/n on input line 82.
LaTeX Font Info:    ... okay on input line 82.
LaTeX Font Info:    Checking defaults for OT1/cmr/m/n on input line 82.
LaTeX Font Info:    ... okay on input line 82.
LaTeX Font Info:    Checking defaults for T1/cmr/m/n on input line 82.
LaTeX Font Info:    ... okay on input line 82.
LaTeX Font Info:    Checking defaults for TS1/cmr/m/n on input line 82.
LaTeX Font Info:    ... okay on input line 82.
LaTeX Font Info:    Checking defaults for OMX/cmex/m/n on input line 82.
LaTeX Font Info:    ... okay on input line 82.
LaTeX Font Info:    Checking defaults for U/cmr/m/n on input line 82.
LaTeX Font Info:    ... okay on input line 82.

("C:\Users\Uporabnik\AppData\Local\Programs\MiKTeX 2.9.(1)\tex/context/base/mki
i\supp-pdf.mkii"
[Loading MPS to PDF converter (version 2006.09.02).]
\scratchcounter=\count303
\scratchdimen=\dimen281
\scratchbox=\box70
\nofMPsegments=\count304
\nofMParguments=\count305
\everyMPshowfont=\toks38
\MPscratchCnt=\count306
\MPscratchDim=\dimen282
\MPnumerator=\count307
\makeMPintoPDFobject=\count308
\everyMPtoPDFconversion=\toks39
)
("C:\Users\Uporabnik\AppData\Local\Programs\MiKTeX 2.9.(1)\tex/latex/epstopdf-p
kg\epstopdf-base.sty"
Package: epstopdf-base 2020-01-24 v2.11 Base part for package epstopdf
Package epstopdf-base Info: Redefining graphics rule for `.eps' on input line 4
85.
)
("C:\Users\Uporabnik\AppData\Local\Programs\MiKTeX 2.9.(1)\tex/latex/translator
\translator-basic-dictionary-English.dict"
Dictionary: translator-basic-dictionary, Language: English 
)
("C:\Users\Uporabnik\AppData\Local\Programs\MiKTeX 2.9.(1)\tex/latex/siunitx\si
unitx-abbreviations.cfg"
File: siunitx-abbreviations.cfg 2017/11/26 v2.7k siunitx: Abbreviated units
) ABD: EveryShipout initializing macros
*geometry* driver: auto-detecting
*geometry* detected driver: pdftex
*geometry* verbose mode - [ preamble ] result:
* driver: pdftex
* paper: a4paper
* layout: <same size as paper>
* layoutoffset:(h,v)=(0.0pt,0.0pt)
* modes: 
* h-part:(L,W,R)=(28.45274pt, 540.60239pt, 28.45274pt)
* v-part:(T,H,B)=(28.45274pt, 759.6886pt, 56.9055pt)
* \paperwidth=597.50787pt
* \paperheight=845.04684pt
* \textwidth=442.65375pt
* \textheight=636.60028pt
* \oddsidemargin=9.03374pt
* \evensidemargin=9.03374pt
* \topmargin=0.0pt
* \headheight=0.0pt
* \headsep=0.0pt
* \topskip=11.0pt
* \footskip=28.45274pt
* \marginparwidth=54.2025pt
* \marginparsep=10.0pt
* \columnsep=10.0pt
* \skip\footins=10.0pt plus 4.0pt minus 2.0pt
* \hoffset=0.0pt
* \voffset=0.0pt
* \mag=1000
* \@twocolumnfalse
* \@twosidefalse
* \@mparswitchfalse
* \@reversemarginfalse
* (1in=72.27pt=25.4mm, 1cm=28.453pt)

Package caption Info: Begin \AtBeginDocument code.
Package caption Info: End \AtBeginDocument code.
Package newfloat Info: `float' package detected.
LaTeX Font Info:    Trying to load font information for U+msa on input line 82.


("C:\Users\Uporabnik\AppData\Local\Programs\MiKTeX 2.9.(1)\tex/latex/amsfonts\u
msa.fd"
File: umsa.fd 2013/01/14 v3.01 AMS symbols A
)
LaTeX Font Info:    Trying to load font information for U+msb on input line 82.


("C:\Users\Uporabnik\AppData\Local\Programs\MiKTeX 2.9.(1)\tex/latex/amsfonts\u
msb.fd"
File: umsb.fd 2013/01/14 v3.01 AMS symbols B
)
LaTeX Font Info:    Trying to load font information for U+rsfs on input line 82
.

("C:\Users\Uporabnik\AppData\Local\Programs\MiKTeX 2.9.(1)\tex/latex/jknappen\u
rsfs.fd"
File: ursfs.fd 1998/03/24 rsfs font definition file (jk)
) [1

{C:/Users/Uporabnik/AppData/Local/MiKTeX/2.9/pdftex/config/pdftex.map}]

LaTeX Warning: Reference `nukleon' on page 2 undefined on input line 129.

! Undefined control sequence.
<argument> ...odatki za naše elemente. Vir: \url 
                                                  {https://www.nndc.bnl.gov/...
l.164 ...//www.nndc.bnl.gov/nudat2/chartNuc.jsp}.}
                                                  
The control sequence at the end of the top line
of your error message was never \def'ed. If you have
misspelled it (e.g., `\hobx'), type `I' and the correct
spelling (e.g., `I\hbox'). Otherwise just continue,
and I'll forget about whatever was undefined.

! Undefined control sequence.
<argument> Podatki za naše elemente. Vir: \url 
                                                {https://www.nndc.bnl.gov/nu...
l.164 ...//www.nndc.bnl.gov/nudat2/chartNuc.jsp}.}
                                                  
The control sequence at the end of the top line
of your error message was never \def'ed. If you have
misspelled it (e.g., `\hobx'), type `I' and the correct
spelling (e.g., `I\hbox'). Otherwise just continue,
and I'll forget about whatever was undefined.

! Undefined control sequence.
<argument> Podatki za naše elemente. Vir: \url 
                                                {https://www.nndc.bnl.gov/nu...
l.164 ...//www.nndc.bnl.gov/nudat2/chartNuc.jsp}.}
                                                  
The control sequence at the end of the top line
of your error message was never \def'ed. If you have
misspelled it (e.g., `\hobx'), type `I' and the correct
spelling (e.g., `I\hbox'). Otherwise just continue,
and I'll forget about whatever was undefined.

! Undefined control sequence.
l.171 (link: \url
                 {https://www.nndc.bnl.gov/nudat2/chartNuc.jsp}), kjer v str...
The control sequence at the end of the top line
of your error message was never \def'ed. If you have
misspelled it (e.g., `\hobx'), type `I' and the correct
spelling (e.g., `I\hbox'). Otherwise just continue,
and I'll forget about whatever was undefined.

! Undefined control sequence.
l.173 (link \url
                {https://www-nds.iaea.org/exfor/endf.htm}), kjer najprej v o...
The control sequence at the end of the top line
of your error message was never \def'ed. If you have
misspelled it (e.g., `\hobx'), type `I' and the correct
spelling (e.g., `I\hbox'). Otherwise just continue,
and I'll forget about whatever was undefined.


Overfull \hbox (6.60106pt too wide) in paragraph at lines 171--174
[]\OT1/cmr/m/n/10.95 (link: https://www.nndc.bnl.gov/nudat2/chartNuc.jsp), kjer
 v stran-sko okece vtip-kamo izbrani
 []

[2] [3] (main.aux)

LaTeX Warning: There were undefined references.


LaTeX Warning: Label(s) may have changed. Rerun to get cross-references right.

 ) 
Here is how much of TeX's memory you used:
 16867 strings out of 481527
 363143 string characters out of 2908530
 569039 words of memory out of 3000000
 31832 multiletter control sequences out of 15000+200000
 540706 words of font info for 57 fonts, out of 3000000 for 9000
 1141 hyphenation exceptions out of 8191
 60i,15n,60p,468b,533s stack positions out of 5000i,500n,10000p,200000b,50000s
<C:/Users/Uporabnik/AppData/Local/Programs/MiKTeX 2.9.(1)/fonts/type1/public/
amsfonts/cm/cmbx10.pfb><C:/Users/Uporabnik/AppData/Local/Programs/MiKTeX 2.9.(1
)/fonts/type1/public/amsfonts/cm/cmbx12.pfb><C:/Users/Uporabnik/AppData/Local/P
rograms/MiKTeX 2.9.(1)/fonts/type1/public/amsfonts/cm/cmex10.pfb><C:/Users/Upor
abnik/AppData/Local/Programs/MiKTeX 2.9.(1)/fonts/type1/public/amsfonts/cm/cmmi
10.pfb><C:/Users/Uporabnik/AppData/Local/Programs/MiKTeX 2.9.(1)/fonts/type1/pu
blic/amsfonts/cm/cmmi6.pfb><C:/Users/Uporabnik/AppData/Local/Programs/MiKTeX 2.
9.(1)/fonts/type1/public/amsfonts/cm/cmmi8.pfb><C:/Users/Uporabnik/AppData/Loca
l/Programs/MiKTeX 2.9.(1)/fonts/type1/public/amsfonts/cm/cmr10.pfb><C:/Users/Up
orabnik/AppData/Local/Programs/MiKTeX 2.9.(1)/fonts/type1/public/amsfonts/cm/cm
r17.pfb><C:/Users/Uporabnik/AppData/Local/Programs/MiKTeX 2.9.(1)/fonts/type1/p
ublic/amsfonts/cm/cmr6.pfb><C:/Users/Uporabnik/AppData/Local/Programs/MiKTeX 2.
9.(1)/fonts/type1/public/amsfonts/cm/cmr8.pfb><C:/Users/Uporabnik/AppData/Local
/Programs/MiKTeX 2.9.(1)/fonts/type1/public/amsfonts/cm/cmsy10.pfb><C:/Users/Up
orabnik/AppData/Local/Programs/MiKTeX 2.9.(1)/fonts/type1/public/amsfonts/cm/cm
sy8.pfb>
Output written on main.pdf (3 pages, 129204 bytes).
PDF statistics:
 63 PDF objects out of 1000 (max. 8388607)
 0 named destinations out of 1000 (max. 500000)
 13 words of extra memory for PDF output out of 10000 (max. 10000000)

