This is pdfTeX, Version 3.14159265-2.6-1.40.21 (MiKTeX 2.9.7300 64-bit) (preloaded format=pdflatex 2020.2.11)  15 MAY 2020 20:32
entering extended mode
**"./3. domača naloga.tex"
("3. domača naloga.tex"
LaTeX2e <2020-02-02> patch level 1
L3 programming layer <2020-02-08>
("C:\Users\Uporabnik\AppData\Local\Programs\MiKTeX 2.9.(1)\tex/latex/base\artic
le.cls"
Document Class: article 2019/12/20 v1.4l Standard LaTeX document class

("C:\Users\Uporabnik\AppData\Local\Programs\MiKTeX 2.9.(1)\tex/latex/base\size1
1.clo"
File: size11.clo 2019/12/20 v1.4l Standard LaTeX file (size option)
)
\c@part=\count167
\c@section=\count168
\c@subsection=\count169
\c@subsubsection=\count170
\c@paragraph=\count171
\c@subparagraph=\count172
\c@figure=\count173
\c@table=\count174
\abovecaptionskip=\skip47
\belowcaptionskip=\skip48
\bibindent=\dimen134
)
("C:\Users\Uporabnik\AppData\Local\Programs\MiKTeX 2.9.(1)\tex/latex/base\input
enc.sty"
Package: inputenc 2018/08/11 v1.3c Input encoding file
\inpenc@prehook=\toks14
\inpenc@posthook=\toks15
)
("C:\Users\Uporabnik\AppData\Local\Programs\MiKTeX 2.9.(1)\tex/latex/geometry\g
eometry.sty"
Package: geometry 2020/01/02 v5.9 Page Geometry

("C:\Users\Uporabnik\AppData\Local\Programs\MiKTeX 2.9.(1)\tex/latex/graphics\k
eyval.sty"
Package: keyval 2014/10/28 v1.15 key=value parser (DPC)
\KV@toks@=\toks16
)
("C:\Users\Uporabnik\AppData\Local\Programs\MiKTeX 2.9.(1)\tex/generic/iftex\if
vtex.sty"
Package: ifvtex 2019/10/25 v1.7 ifvtex legacy package. Use iftex instead.

("C:\Users\Uporabnik\AppData\Local\Programs\MiKTeX 2.9.(1)\tex/generic/iftex\if
tex.sty"
Package: iftex 2019/11/07 v1.0c TeX engine tests
))
\Gm@cnth=\count175
\Gm@cntv=\count176
\c@Gm@tempcnt=\count177
\Gm@bindingoffset=\dimen135
\Gm@wd@mp=\dimen136
\Gm@odd@mp=\dimen137
\Gm@even@mp=\dimen138
\Gm@layoutwidth=\dimen139
\Gm@layoutheight=\dimen140
\Gm@layouthoffset=\dimen141
\Gm@layoutvoffset=\dimen142
\Gm@dimlist=\toks17

("C:\Users\Uporabnik\AppData\Local\Programs\MiKTeX 2.9.(1)\tex/latex/geometry\g
eometry.cfg"))
("C:\Users\Uporabnik\AppData\Local\Programs\MiKTeX 2.9.(1)\tex/latex/amsmath\am
smath.sty"
Package: amsmath 2020/01/20 v2.17e AMS math features
\@mathmargin=\skip49

For additional information on amsmath, use the `?' option.

("C:\Users\Uporabnik\AppData\Local\Programs\MiKTeX 2.9.(1)\tex/latex/amsmath\am
stext.sty"
Package: amstext 2000/06/29 v2.01 AMS text

("C:\Users\Uporabnik\AppData\Local\Programs\MiKTeX 2.9.(1)\tex/latex/amsmath\am
sgen.sty"
File: amsgen.sty 1999/11/30 v2.0 generic functions
\@emptytoks=\toks18
\ex@=\dimen143
))
("C:\Users\Uporabnik\AppData\Local\Programs\MiKTeX 2.9.(1)\tex/latex/amsmath\am
sbsy.sty"
Package: amsbsy 1999/11/29 v1.2d Bold Symbols
\pmbraise@=\dimen144
)
("C:\Users\Uporabnik\AppData\Local\Programs\MiKTeX 2.9.(1)\tex/latex/amsmath\am
sopn.sty"
Package: amsopn 2016/03/08 v2.02 operator names
)
\inf@bad=\count178
LaTeX Info: Redefining \frac on input line 227.
\uproot@=\count179
\leftroot@=\count180
LaTeX Info: Redefining \overline on input line 389.
\classnum@=\count181
\DOTSCASE@=\count182
LaTeX Info: Redefining \ldots on input line 486.
LaTeX Info: Redefining \dots on input line 489.
LaTeX Info: Redefining \cdots on input line 610.
\Mathstrutbox@=\box45
\strutbox@=\box46
\big@size=\dimen145
LaTeX Font Info:    Redeclaring font encoding OML on input line 733.
LaTeX Font Info:    Redeclaring font encoding OMS on input line 734.
\macc@depth=\count183
\c@MaxMatrixCols=\count184
\dotsspace@=\muskip16
\c@parentequation=\count185
\dspbrk@lvl=\count186
\tag@help=\toks19
\row@=\count187
\column@=\count188
\maxfields@=\count189
\andhelp@=\toks20
\eqnshift@=\dimen146
\alignsep@=\dimen147
\tagshift@=\dimen148
\tagwidth@=\dimen149
\totwidth@=\dimen150
\lineht@=\dimen151
\@envbody=\toks21
\multlinegap=\skip50
\multlinetaggap=\skip51
\mathdisplay@stack=\toks22
LaTeX Info: Redefining \[ on input line 2859.
LaTeX Info: Redefining \] on input line 2860.
)
("C:\Users\Uporabnik\AppData\Local\Programs\MiKTeX 2.9.(1)\tex/latex/amscls\ams
thm.sty"
Package: amsthm 2017/10/31 v2.20.4
\thm@style=\toks23
\thm@bodyfont=\toks24
\thm@headfont=\toks25
\thm@notefont=\toks26
\thm@headpunct=\toks27
\thm@preskip=\skip52
\thm@postskip=\skip53
\thm@headsep=\skip54
\dth@everypar=\toks28
)
("C:\Users\Uporabnik\AppData\Local\Programs\MiKTeX 2.9.(1)\tex/latex/amsfonts\a
mssymb.sty"
Package: amssymb 2013/01/14 v3.01 AMS font symbols

("C:\Users\Uporabnik\AppData\Local\Programs\MiKTeX 2.9.(1)\tex/latex/amsfonts\a
msfonts.sty"
Package: amsfonts 2013/01/14 v3.01 Basic AMSFonts support
\symAMSa=\mathgroup4
\symAMSb=\mathgroup5
LaTeX Font Info:    Redeclaring math symbol \hbar on input line 98.
LaTeX Font Info:    Overwriting math alphabet `\mathfrak' in version `bold'
(Font)                  U/euf/m/n --> U/euf/b/n on input line 106.
))
("C:\Users\Uporabnik\AppData\Local\Programs\MiKTeX 2.9.(1)\tex/generic/babel\ba
bel.sty"
Package: babel 2020/02/03 3.39 The Babel package

("C:\Users\Uporabnik\AppData\Local\Programs\MiKTeX 2.9.(1)\tex/generic/babel\sw
itch.def"
File: switch.def 2020/02/03 3.39 Babel switching mechanism
)
*************************************
* Local config file bblopts.cfg used
*

("C:\Users\Uporabnik\AppData\Local\Programs\MiKTeX 2.9.(1)\tex/latex/arabi\bblo
pts.cfg"
File: bblopts.cfg 2005/09/08 v0.1 add Arabic and Farsi to "declared" options of
 babel
)
("C:\Users\Uporabnik\AppData\Local\Programs\MiKTeX 2.9.(1)\tex/latex/babel-slov
enian\slovene.ldf"
Language: slovene 2005/03/31 v1.2m Slovene support from the babel system

("C:\Users\Uporabnik\AppData\Local\Programs\MiKTeX 2.9.(1)\tex/generic/babel\ba
bel.def"
File: babel.def 2020/02/03 3.39 Babel common definitions
\babel@savecnt=\count190
\U@D=\dimen152

("C:\Users\Uporabnik\AppData\Local\Programs\MiKTeX 2.9.(1)\tex/generic/babel\tx
tbabel.def")
\bbl@readstream=\read2
\bbl@dirlevel=\count191
)
Package babel Info: Making " an active character on input line 79.
))
("C:\Users\Uporabnik\AppData\Local\Programs\MiKTeX 2.9.(1)\tex/latex/graphics\c
olor.sty"
Package: color 2019/11/23 v1.2a Standard LaTeX Color (DPC)

("C:\Users\Uporabnik\AppData\Local\Programs\MiKTeX 2.9.(1)\tex/latex/graphics-c
fg\color.cfg"
File: color.cfg 2016/01/02 v1.6 sample color configuration
)
Package color Info: Driver file: pdftex.def on input line 147.

("C:\Users\Uporabnik\AppData\Local\Programs\MiKTeX 2.9.(1)\tex/latex/graphics-d
ef\pdftex.def"
File: pdftex.def 2018/01/08 v1.0l Graphics/color driver for pdftex
))
("C:\Users\Uporabnik\AppData\Local\Programs\MiKTeX 2.9.(1)\tex/latex/graphics\g
raphicx.sty"
Package: graphicx 2019/11/30 v1.2a Enhanced LaTeX Graphics (DPC,SPQR)

("C:\Users\Uporabnik\AppData\Local\Programs\MiKTeX 2.9.(1)\tex/latex/graphics\g
raphics.sty"
Package: graphics 2019/11/30 v1.4a Standard LaTeX Graphics (DPC,SPQR)

("C:\Users\Uporabnik\AppData\Local\Programs\MiKTeX 2.9.(1)\tex/latex/graphics\t
rig.sty"
Package: trig 2016/01/03 v1.10 sin cos tan (DPC)
)
("C:\Users\Uporabnik\AppData\Local\Programs\MiKTeX 2.9.(1)\tex/latex/graphics-c
fg\graphics.cfg"
File: graphics.cfg 2016/06/04 v1.11 sample graphics configuration
)
Package graphics Info: Driver file: pdftex.def on input line 105.
)
\Gin@req@height=\dimen153
\Gin@req@width=\dimen154
)
("C:\Users\Uporabnik\AppData\Local\Programs\MiKTeX 2.9.(1)\tex/latex/mathtools\
mathtools.sty"
Package: mathtools 2020/01/17 v1.23 mathematical typesetting tools

("C:\Users\Uporabnik\AppData\Local\Programs\MiKTeX 2.9.(1)\tex/latex/tools\calc
.sty"
Package: calc 2017/05/25 v4.3 Infix arithmetic (KKT,FJ)
\calc@Acount=\count192
\calc@Bcount=\count193
\calc@Adimen=\dimen155
\calc@Bdimen=\dimen156
\calc@Askip=\skip55
\calc@Bskip=\skip56
LaTeX Info: Redefining \setlength on input line 80.
LaTeX Info: Redefining \addtolength on input line 81.
\calc@Ccount=\count194
\calc@Cskip=\skip57
)
("C:\Users\Uporabnik\AppData\Local\Programs\MiKTeX 2.9.(1)\tex/latex/mathtools\
mhsetup.sty"
Package: mhsetup 2017/03/31 v1.3 programming setup (MH)
)
LaTeX Info: Thecontrolsequence`\('isalreadyrobust on input line 129.
LaTeX Info: Thecontrolsequence`\)'isalreadyrobust on input line 129.
LaTeX Info: Thecontrolsequence`\['isalreadyrobust on input line 129.
LaTeX Info: Thecontrolsequence`\]'isalreadyrobust on input line 129.
\g_MT_multlinerow_int=\count195
\l_MT_multwidth_dim=\dimen157
\origjot=\skip58
\l_MT_shortvdotswithinadjustabove_dim=\dimen158
\l_MT_shortvdotswithinadjustbelow_dim=\dimen159
\l_MT_above_intertext_sep=\dimen160
\l_MT_below_intertext_sep=\dimen161
\l_MT_above_shortintertext_sep=\dimen162
\l_MT_below_shortintertext_sep=\dimen163
)
("C:\Users\Uporabnik\AppData\Local\Programs\MiKTeX 2.9.(1)\tex/latex/commath\co
mmath.sty"
("C:\Users\Uporabnik\AppData\Local\Programs\MiKTeX 2.9.(1)\tex/latex/base\ifthe
n.sty"
Package: ifthen 2014/09/29 v1.1c Standard LaTeX ifthen package (DPC)
))
("C:\Users\Uporabnik\AppData\Local\Programs\MiKTeX 2.9.(1)\tex/latex/ragged2e\r
agged2e.sty"
Package: ragged2e 2019/07/28 v2.2 ragged2e Package (MS)

("C:\Users\Uporabnik\AppData\Local\Programs\MiKTeX 2.9.(1)\tex/latex/ms\everyse
l.sty"
Package: everysel 2011/10/28 v1.2 EverySelectfont Package (MS)
)
\CenteringLeftskip=\skip59
\RaggedLeftLeftskip=\skip60
\RaggedRightLeftskip=\skip61
\CenteringRightskip=\skip62
\RaggedLeftRightskip=\skip63
\RaggedRightRightskip=\skip64
\CenteringParfillskip=\skip65
\RaggedLeftParfillskip=\skip66
\RaggedRightParfillskip=\skip67
\JustifyingParfillskip=\skip68
\CenteringParindent=\skip69
\RaggedLeftParindent=\skip70
\RaggedRightParindent=\skip71
\JustifyingParindent=\skip72
)
("C:\Users\Uporabnik\AppData\Local\Programs\MiKTeX 2.9.(1)\tex/latex/base\fonte
nc.sty"
Package: fontenc 2020/01/25 v2.0m Standard LaTeX package
)
("C:\Users\Uporabnik\AppData\Local\Programs\MiKTeX 2.9.(1)\tex/latex/ulem\ulem.
sty"
\UL@box=\box47
\UL@hyphenbox=\box48
\UL@skip=\skip73
\UL@hook=\toks29
\UL@height=\dimen164
\UL@pe=\count196
\UL@pixel=\dimen165
\ULC@box=\box49
Package: ulem 2019/11/18
\ULdepth=\dimen166
)
("C:\Users\Uporabnik\AppData\Local\Programs\MiKTeX 2.9.(1)\tex/latex/esvect\esv
ect.sty"
Package: esvect 
\symesvector=\mathgroup6
)
("C:\Users\Uporabnik\AppData\Local\Programs\MiKTeX 2.9.(1)\tex/latex/float\floa
t.sty"
Package: float 2001/11/08 v1.3d Float enhancements (AL)
\c@float@type=\count197
\float@exts=\toks30
\float@box=\box50
\@float@everytoks=\toks31
\@floatcapt=\box51
)
("C:\Users\Uporabnik\AppData\Local\Programs\MiKTeX 2.9.(1)\tex/latex/calrsfs\ca
lrsfs.sty"
\symrsfscript=\mathgroup7
)
("C:\Users\Uporabnik\AppData\Local\Programs\MiKTeX 2.9.(1)\tex/latex/tocloft\to
cloft.sty"
Package: tocloft 2017/08/31 v2.3i parameterised ToC, etc., typesetting
Package tocloft Info: The document has section divisions on input line 51.
\cftparskip=\skip74
\cftbeforetoctitleskip=\skip75
\cftaftertoctitleskip=\skip76
\cftbeforepartskip=\skip77
\cftpartnumwidth=\skip78
\cftpartindent=\skip79
\cftbeforesecskip=\skip80
\cftsecindent=\skip81
\cftsecnumwidth=\skip82
\cftbeforesubsecskip=\skip83
\cftsubsecindent=\skip84
\cftsubsecnumwidth=\skip85
\cftbeforesubsubsecskip=\skip86
\cftsubsubsecindent=\skip87
\cftsubsubsecnumwidth=\skip88
\cftbeforeparaskip=\skip89
\cftparaindent=\skip90
\cftparanumwidth=\skip91
\cftbeforesubparaskip=\skip92
\cftsubparaindent=\skip93
\cftsubparanumwidth=\skip94
\cftbeforeloftitleskip=\skip95
\cftafterloftitleskip=\skip96
\cftbeforefigskip=\skip97
\cftfigindent=\skip98
\cftfignumwidth=\skip99
\c@lofdepth=\count198
\c@lotdepth=\count199
\cftbeforelottitleskip=\skip100
\cftafterlottitleskip=\skip101
\cftbeforetabskip=\skip102
\cfttabindent=\skip103
\cfttabnumwidth=\skip104
)
("C:\Users\Uporabnik\AppData\Local\Programs\MiKTeX 2.9.(1)\tex/latex/bookmark\b
ookmark.sty"
Package: bookmark 2019/12/03 v1.28 PDF bookmarks (HO)

("C:\Users\Uporabnik\AppData\Local\Programs\MiKTeX 2.9.(1)\tex/latex/hyperref\h
yperref.sty"
Package: hyperref 2020/01/14 v7.00d Hypertext links for LaTeX

("C:\Users\Uporabnik\AppData\Local\Programs\MiKTeX 2.9.(1)\tex/generic/ltxcmds\
ltxcmds.sty"
Package: ltxcmds 2019/12/15 v1.24 LaTeX kernel commands for general use (HO)
)
("C:\Users\Uporabnik\AppData\Local\Programs\MiKTeX 2.9.(1)\tex/latex/pdftexcmds
\pdftexcmds.sty"
Package: pdftexcmds 2019/11/24 v0.31 Utility functions of pdfTeX for LuaTeX (HO
)

("C:\Users\Uporabnik\AppData\Local\Programs\MiKTeX 2.9.(1)\tex/generic/infwarer
r\infwarerr.sty"
Package: infwarerr 2019/12/03 v1.5 Providing info/warning/error messages (HO)
)
Package pdftexcmds Info: \pdf@primitive is available.
Package pdftexcmds Info: \pdf@ifprimitive is available.
Package pdftexcmds Info: \pdfdraftmode found.
)
("C:\Users\Uporabnik\AppData\Local\Programs\MiKTeX 2.9.(1)\tex/generic/kvsetkey
s\kvsetkeys.sty"
Package: kvsetkeys 2019/12/15 v1.18 Key value parser (HO)
)
("C:\Users\Uporabnik\AppData\Local\Programs\MiKTeX 2.9.(1)\tex/generic/kvdefine
keys\kvdefinekeys.sty"
Package: kvdefinekeys 2019-12-19 v1.6 Define keys (HO)
)
("C:\Users\Uporabnik\AppData\Local\Programs\MiKTeX 2.9.(1)\tex/generic/pdfescap
e\pdfescape.sty"
Package: pdfescape 2019/12/09 v1.15 Implements pdfTeX's escape features (HO)
)
("C:\Users\Uporabnik\AppData\Local\Programs\MiKTeX 2.9.(1)\tex/latex/hycolor\hy
color.sty"
Package: hycolor 2020-01-27 v1.10 Color options for hyperref/bookmark (HO)
)
("C:\Users\Uporabnik\AppData\Local\Programs\MiKTeX 2.9.(1)\tex/latex/letltxmacr
o\letltxmacro.sty"
Package: letltxmacro 2019/12/03 v1.6 Let assignment for LaTeX macros (HO)
)
("C:\Users\Uporabnik\AppData\Local\Programs\MiKTeX 2.9.(1)\tex/latex/auxhook\au
xhook.sty"
Package: auxhook 2019-12-17 v1.6 Hooks for auxiliary files (HO)
)
("C:\Users\Uporabnik\AppData\Local\Programs\MiKTeX 2.9.(1)\tex/latex/kvoptions\
kvoptions.sty"
Package: kvoptions 2019/11/29 v3.13 Key value format for package options (HO)
)
\@linkdim=\dimen167
\Hy@linkcounter=\count266
\Hy@pagecounter=\count267

("C:\Users\Uporabnik\AppData\Local\Programs\MiKTeX 2.9.(1)\tex/latex/hyperref\p
d1enc.def"
File: pd1enc.def 2020/01/14 v7.00d Hyperref: PDFDocEncoding definition (HO)
Now handling font encoding PD1 ...
... no UTF-8 mapping file for font encoding PD1
)
("C:\Users\Uporabnik\AppData\Local\Programs\MiKTeX 2.9.(1)\tex/generic/intcalc\
intcalc.sty"
Package: intcalc 2019/12/15 v1.3 Expandable calculations with integers (HO)
)
("C:\Users\Uporabnik\AppData\Local\Programs\MiKTeX 2.9.(1)\tex/generic/etexcmds
\etexcmds.sty"
Package: etexcmds 2019/12/15 v1.7 Avoid name clashes with e-TeX commands (HO)
)
\Hy@SavedSpaceFactor=\count268
Package hyperref Info: Hyper figures OFF on input line 4547.
Package hyperref Info: Link nesting OFF on input line 4552.
Package hyperref Info: Hyper index ON on input line 4555.
Package hyperref Info: Plain pages OFF on input line 4562.
Package hyperref Info: Backreferencing OFF on input line 4567.
Package hyperref Info: Implicit mode ON; LaTeX internals redefined.
Package hyperref Info: Bookmarks ON on input line 4800.
\c@Hy@tempcnt=\count269

("C:\Users\Uporabnik\AppData\Local\Programs\MiKTeX 2.9.(1)\tex/latex/url\url.st
y"
\Urlmuskip=\muskip17
Package: url 2013/09/16  ver 3.4  Verb mode for urls, etc.
)
LaTeX Info: Redefining \url on input line 5159.
\XeTeXLinkMargin=\dimen168

("C:\Users\Uporabnik\AppData\Local\Programs\MiKTeX 2.9.(1)\tex/generic/bitset\b
itset.sty"
Package: bitset 2019/12/09 v1.3 Handle bit-vector datatype (HO)

("C:\Users\Uporabnik\AppData\Local\Programs\MiKTeX 2.9.(1)\tex/generic/bigintca
lc\bigintcalc.sty"
Package: bigintcalc 2019/12/15 v1.5 Expandable calculations on big integers (HO
)
))
\Fld@menulength=\count270
\Field@Width=\dimen169
\Fld@charsize=\dimen170
Package hyperref Info: Hyper figures OFF on input line 6430.
Package hyperref Info: Link nesting OFF on input line 6435.
Package hyperref Info: Hyper index ON on input line 6438.
Package hyperref Info: backreferencing OFF on input line 6445.
Package hyperref Info: Link coloring OFF on input line 6450.
Package hyperref Info: Link coloring with OCG OFF on input line 6455.
Package hyperref Info: PDF/A mode OFF on input line 6460.
LaTeX Info: Redefining \ref on input line 6500.
LaTeX Info: Redefining \pageref on input line 6504.

("C:\Users\Uporabnik\AppData\Local\Programs\MiKTeX 2.9.(1)\tex/generic/atbegshi
\atbegshi.sty"
Package: atbegshi 2019/12/05 v1.19 At begin shipout hook (HO)
)
\Hy@abspage=\count271
\c@Item=\count272
\c@Hfootnote=\count273
)
Package hyperref Info: Driver (autodetected): hpdftex.

("C:\Users\Uporabnik\AppData\Local\Programs\MiKTeX 2.9.(1)\tex/latex/hyperref\h
pdftex.def"
File: hpdftex.def 2020/01/14 v7.00d Hyperref driver for pdfTeX

("C:\Users\Uporabnik\AppData\Local\Programs\MiKTeX 2.9.(1)\tex/latex/atveryend\
atveryend.sty"
Package: atveryend 2019-12-11 v1.11 Hooks at the very end of document (HO)
Package atveryend Info: \enddocument detected (standard20110627).
)
\Fld@listcount=\count274
\c@bookmark@seq@number=\count275

("C:\Users\Uporabnik\AppData\Local\Programs\MiKTeX 2.9.(1)\tex/latex/rerunfilec
heck\rerunfilecheck.sty"
Package: rerunfilecheck 2019/12/05 v1.9 Rerun checks for auxiliary files (HO)

("C:\Users\Uporabnik\AppData\Local\Programs\MiKTeX 2.9.(1)\tex/generic/uniqueco
unter\uniquecounter.sty"
Package: uniquecounter 2019/12/15 v1.4 Provide unlimited unique counter (HO)
)
Package uniquecounter Info: New unique counter `rerunfilecheck' on input line 2
86.
)
\Hy@SectionHShift=\skip105
)
("C:\Users\Uporabnik\AppData\Local\Programs\MiKTeX 2.9.(1)\tex/latex/bookmark\b
km-pdftex.def"
File: bkm-pdftex.def 2019/12/03 v1.28 bookmark driver for pdfTeX (HO)
\BKM@id=\count276
))
\c@theorem=\count277
\c@corollary=\count278
\c@definition=\count279


Package amsthm Warning: Unknown theoremstyle `example' on input line 35.


Package amsthm Warning: Unknown theoremstyle `izrek' on input line 37.


("C:\Users\Uporabnik\AppData\Local\Programs\MiKTeX 2.9.(1)\tex/latex/l3backend\
l3backend-pdfmode.def"
File: l3backend-pdfmode.def 2020-02-03 L3 backend support: PDF mode
\l__kernel_color_stack_int=\count280
\l__pdf_internal_box=\box52
) ("3. domača naloga.aux")
\openout1 = `"3. domača naloga.aux"'.

LaTeX Font Info:    Checking defaults for OML/cmm/m/it on input line 40.
LaTeX Font Info:    ... okay on input line 40.
LaTeX Font Info:    Checking defaults for OMS/cmsy/m/n on input line 40.
LaTeX Font Info:    ... okay on input line 40.
LaTeX Font Info:    Checking defaults for OT1/cmr/m/n on input line 40.
LaTeX Font Info:    ... okay on input line 40.
LaTeX Font Info:    Checking defaults for T1/cmr/m/n on input line 40.
LaTeX Font Info:    ... okay on input line 40.
LaTeX Font Info:    Checking defaults for TS1/cmr/m/n on input line 40.
LaTeX Font Info:    ... okay on input line 40.
LaTeX Font Info:    Checking defaults for OMX/cmex/m/n on input line 40.
LaTeX Font Info:    ... okay on input line 40.
LaTeX Font Info:    Checking defaults for U/cmr/m/n on input line 40.
LaTeX Font Info:    ... okay on input line 40.
LaTeX Font Info:    Checking defaults for PD1/pdf/m/n on input line 40.
LaTeX Font Info:    ... okay on input line 40.

*geometry* driver: auto-detecting
*geometry* detected driver: pdftex
*geometry* verbose mode - [ preamble ] result:
* driver: pdftex
* paper: a4paper
* layout: <same size as paper>
* layoutoffset:(h,v)=(0.0pt,0.0pt)
* modes: 
* h-part:(L,W,R)=(72.26999pt, 452.9679pt, 72.26999pt)
* v-part:(T,H,B)=(72.26999pt, 700.50687pt, 72.26999pt)
* \paperwidth=597.50787pt
* \paperheight=845.04684pt
* \textwidth=452.9679pt
* \textheight=700.50687pt
* \oddsidemargin=0.0pt
* \evensidemargin=0.0pt
* \topmargin=-37.0pt
* \headheight=12.0pt
* \headsep=25.0pt
* \topskip=11.0pt
* \footskip=30.0pt
* \marginparwidth=50.0pt
* \marginparsep=10.0pt
* \columnsep=10.0pt
* \skip\footins=10.0pt plus 4.0pt minus 2.0pt
* \hoffset=0.0pt
* \voffset=0.0pt
* \mag=1000
* \@twocolumnfalse
* \@twosidefalse
* \@mparswitchfalse
* \@reversemarginfalse
* (1in=72.27pt=25.4mm, 1cm=28.453pt)


("C:\Users\Uporabnik\AppData\Local\Programs\MiKTeX 2.9.(1)\tex/context/base/mki
i\supp-pdf.mkii"
[Loading MPS to PDF converter (version 2006.09.02).]
\scratchcounter=\count281
\scratchdimen=\dimen171
\scratchbox=\box53
\nofMPsegments=\count282
\nofMParguments=\count283
\everyMPshowfont=\toks32
\MPscratchCnt=\count284
\MPscratchDim=\dimen172
\MPnumerator=\count285
\makeMPintoPDFobject=\count286
\everyMPtoPDFconversion=\toks33
)
("C:\Users\Uporabnik\AppData\Local\Programs\MiKTeX 2.9.(1)\tex/latex/epstopdf-p
kg\epstopdf-base.sty"
Package: epstopdf-base 2020-01-24 v2.11 Base part for package epstopdf
Package epstopdf-base Info: Redefining graphics rule for `.eps' on input line 4
85.
) ABD: EverySelectfont initializing macros
LaTeX Info: Redefining \selectfont on input line 40.
\AtBeginShipoutBox=\box54
Package hyperref Info: Link coloring OFF on input line 40.

("C:\Users\Uporabnik\AppData\Local\Programs\MiKTeX 2.9.(1)\tex/latex/hyperref\n
ameref.sty"
Package: nameref 2019/09/16 v2.46 Cross-referencing by name of section

("C:\Users\Uporabnik\AppData\Local\Programs\MiKTeX 2.9.(1)\tex/latex/refcount\r
efcount.sty"
Package: refcount 2019/12/15 v3.6 Data extraction from label references (HO)
)
("C:\Users\Uporabnik\AppData\Local\Programs\MiKTeX 2.9.(1)\tex/generic/gettitle
string\gettitlestring.sty"
Package: gettitlestring 2019/12/15 v1.6 Cleanup title references (HO)
)
\c@section@level=\count287
)
LaTeX Info: Redefining \ref on input line 40.
LaTeX Info: Redefining \pageref on input line 40.
LaTeX Info: Redefining \nameref on input line 40.
 [1

{C:/Users/Uporabnik/AppData/Local/MiKTeX/2.9/pdftex/config/pdftex.map}]
LaTeX Font Info:    Trying to load font information for U+msa on input line 72.


("C:\Users\Uporabnik\AppData\Local\Programs\MiKTeX 2.9.(1)\tex/latex/amsfonts\u
msa.fd"
File: umsa.fd 2013/01/14 v3.01 AMS symbols A
)
LaTeX Font Info:    Trying to load font information for U+msb on input line 72.


("C:\Users\Uporabnik\AppData\Local\Programs\MiKTeX 2.9.(1)\tex/latex/amsfonts\u
msb.fd"
File: umsb.fd 2013/01/14 v3.01 AMS symbols B
)
LaTeX Font Info:    Trying to load font information for U+esvect on input line 
72.

("C:\Users\Uporabnik\AppData\Local\Programs\MiKTeX 2.9.(1)\tex/latex/esvect\ues
vect.fd"
File: uesvect.fd 
)
LaTeX Font Info:    Trying to load font information for OMS+rsfs on input line 
72.

("C:\Users\Uporabnik\AppData\Local\Programs\MiKTeX 2.9.(1)\tex/latex/calrsfs\om
srsfs.fd") [2]

Package hyperref Warning: Composite letter `\textasciicaron+c'
(hyperref)                not defined in PD1 encoding,
(hyperref)                removing `\textasciicaron' on input line 153.

LaTeX Font Info:    Trying to load font information for T1+cmtt on input line 1
62.

("C:\Users\Uporabnik\AppData\Local\Programs\MiKTeX 2.9.(1)\tex/latex/base\t1cmt
t.fd"
File: t1cmtt.fd 2019/12/16 v2.5j Standard LaTeX font definitions
)
Underfull \hbox (badness 10000) in paragraph at lines 174--175

 []

[3]
Underfull \hbox (badness 10000) in paragraph at lines 199--200

 []


Underfull \hbox (badness 10000) in paragraph at lines 227--228

 []

[4]

Package hyperref Warning: Composite letter `\textasciicaron+c'
(hyperref)                not defined in PD1 encoding,
(hyperref)                removing `\textasciicaron' on input line 260.


Package hyperref Warning: Composite letter `\textasciicaron+c'
(hyperref)                not defined in PD1 encoding,
(hyperref)                removing `\textasciicaron' on input line 285.


Package hyperref Warning: Token not allowed in a PDF string (PDFDocEncoding):
(hyperref)                removing `math shift' on input line 309.


Package hyperref Warning: Token not allowed in a PDF string (PDFDocEncoding):
(hyperref)                removing `\mathop' on input line 309.


Package hyperref Warning: Token not allowed in a PDF string (PDFDocEncoding):
(hyperref)                removing `\mathgroup' on input line 309.


Package hyperref Warning: Token not allowed in a PDF string (PDFDocEncoding):
(hyperref)                removing `\symoperators' on input line 309.


Package hyperref Warning: Token not allowed in a PDF string (PDFDocEncoding):
(hyperref)                removing `\@ifnextchar' on input line 309.


Package hyperref Warning: Token not allowed in a PDF string (PDFDocEncoding):
(hyperref)                removing `\begingroup' on input line 309.


Package hyperref Warning: Token not allowed in a PDF string (PDFDocEncoding):
(hyperref)                removing `\endgroup' on input line 309.


Package hyperref Warning: Token not allowed in a PDF string (PDFDocEncoding):
(hyperref)                removing `\@@over' on input line 309.


Package hyperref Warning: Token not allowed in a PDF string (PDFDocEncoding):
(hyperref)                removing `math shift' on input line 309.

[5]

Package hyperref Warning: Token not allowed in a PDF string (PDFDocEncoding):
(hyperref)                removing `math shift' on input line 328.


Package hyperref Warning: Token not allowed in a PDF string (PDFDocEncoding):
(hyperref)                removing `subscript' on input line 328.


Package hyperref Warning: Token not allowed in a PDF string (PDFDocEncoding):
(hyperref)                removing `math shift' on input line 328.

Package atveryend Info: Empty hook `BeforeClearDocument' on input line 346.
[6]
Package atveryend Info: Empty hook `AfterLastShipout' on input line 346.
 ("3. domača naloga.aux")
Package atveryend Info: Executing hook `AtVeryEndDocument' on input line 346.
Package atveryend Info: Empty hook `AtEndAfterFileList' on input line 346.
Package atveryend Info: Empty hook `AtVeryVeryEnd' on input line 346.
 ) 
Here is how much of TeX's memory you used:
 9271 strings out of 481527
 141649 string characters out of 2908530
 422332 words of memory out of 3000000
 24254 multiletter control sequences out of 15000+200000
 546889 words of font info for 67 fonts, out of 3000000 for 9000
 1141 hyphenation exceptions out of 8191
 41i,9n,34p,342b,501s stack positions out of 5000i,500n,10000p,200000b,50000s
{C:/Users/Uporabnik/AppData/Local/Programs/MiKTeX 2.9.(1)/fonts/enc/dvips/cm-
super/cm-super-t1.enc}<C:/Users/Uporabnik/AppData/Local/Programs/MiKTeX 2.9.(1)
/fonts/type1/public/amsfonts/cm/cmex10.pfb><C:/Users/Uporabnik/AppData/Local/Pr
ograms/MiKTeX 2.9.(1)/fonts/type1/public/amsfonts/cm/cmmi10.pfb><C:/Users/Upora
bnik/AppData/Local/Programs/MiKTeX 2.9.(1)/fonts/type1/public/amsfonts/cm/cmmi1
2.pfb><C:/Users/Uporabnik/AppData/Local/Programs/MiKTeX 2.9.(1)/fonts/type1/pub
lic/amsfonts/cm/cmmi6.pfb><C:/Users/Uporabnik/AppData/Local/Programs/MiKTeX 2.9
.(1)/fonts/type1/public/amsfonts/cm/cmmi8.pfb><C:/Users/Uporabnik/AppData/Local
/Programs/MiKTeX 2.9.(1)/fonts/type1/public/amsfonts/cm/cmr10.pfb><C:/Users/Upo
rabnik/AppData/Local/Programs/MiKTeX 2.9.(1)/fonts/type1/public/amsfonts/cm/cmr
12.pfb><C:/Users/Uporabnik/AppData/Local/Programs/MiKTeX 2.9.(1)/fonts/type1/pu
blic/amsfonts/cm/cmr6.pfb><C:/Users/Uporabnik/AppData/Local/Programs/MiKTeX 2.9
.(1)/fonts/type1/public/amsfonts/cm/cmr8.pfb><C:/Users/Uporabnik/AppData/Local/
Programs/MiKTeX 2.9.(1)/fonts/type1/public/amsfonts/cm/cmsy10.pfb><C:/Users/Upo
rabnik/AppData/Local/Programs/MiKTeX 2.9.(1)/fonts/type1/public/amsfonts/cm/cms
y6.pfb><C:/Users/Uporabnik/AppData/Local/Programs/MiKTeX 2.9.(1)/fonts/type1/pu
blic/amsfonts/cm/cmsy8.pfb><C:/Users/Uporabnik/AppData/Local/Programs/MiKTeX 2.
9.(1)/fonts/type1/public/amsfonts/symbols/msbm10.pfb><C:/Users/Uporabnik/AppDat
a/Local/Programs/MiKTeX 2.9.(1)/fonts/type1/public/cm-super/sfbx1095.pfb><C:/Us
ers/Uporabnik/AppData/Local/Programs/MiKTeX 2.9.(1)/fonts/type1/public/cm-super
/sfbx1200.pfb><C:/Users/Uporabnik/AppData/Local/Programs/MiKTeX 2.9.(1)/fonts/t
ype1/public/cm-super/sfbx1440.pfb><C:/Users/Uporabnik/AppData/Local/Programs/Mi
KTeX 2.9.(1)/fonts/type1/public/cm-super/sfrm1095.pfb><C:/Users/Uporabnik/AppDa
ta/Local/Programs/MiKTeX 2.9.(1)/fonts/type1/public/cm-super/sfrm2488.pfb>
Output written on "3. domača naloga.pdf" (6 pages, 229777 bytes).
PDF statistics:
 195 PDF objects out of 1000 (max. 8388607)
 57 named destinations out of 1000 (max. 500000)
 57 words of extra memory for PDF output out of 10000 (max. 10000000)

