\BOOKMARK [1][-]{section*.1}{Osnovni pojmi}{}% 1
\BOOKMARK [2][-]{section*.2}{Neinercialni koordinatni sistemi}{section*.1}% 2
\BOOKMARK [2][-]{section*.3}{Pomembne kolicine}{section*.1}% 3
\BOOKMARK [1][-]{section*.4}{Vezi}{}% 4
\BOOKMARK [1][-]{section*.5}{Lagrangev formalizem}{}% 5
\BOOKMARK [2][-]{section*.6}{Izrek Emmy Noether}{section*.5}% 6
\BOOKMARK [2][-]{section*.7}{Hamiltonov princip}{section*.5}% 7
\BOOKMARK [1][-]{section*.8}{Problem dveh teles}{}% 8
\BOOKMARK [2][-]{section*.9}{Centralni potencial}{section*.8}% 9
\BOOKMARK [2][-]{section*.10}{Keplerjev problem}{section*.8}% 10
\BOOKMARK [2][-]{section*.11}{Sipanje delcev}{section*.8}% 11
\BOOKMARK [1][-]{section*.12}{Togo telo}{}% 12
\BOOKMARK [2][-]{section*.13}{Eulerjevi koti}{section*.12}% 13
\BOOKMARK [2][-]{section*.14}{Kineticna energija iz Eulerjevih kotov}{section*.12}% 14
\BOOKMARK [2][-]{section*.15}{Prosta precesija}{section*.12}% 15
\BOOKMARK [2][-]{section*.16}{Togo telo z 1 nepremicno tocko}{section*.12}% 16
\BOOKMARK [2][-]{section*.17}{Vpeta osno simetricna vrtavka}{section*.12}% 17
\BOOKMARK [1][-]{section*.18}{Hamiltonov formalizem}{}% 18
\BOOKMARK [1][-]{section*.19}{Nabit delec v magnetnem polju}{}% 19
\BOOKMARK [1][-]{section*.20}{Poissonovi oklepaji}{}% 20
\BOOKMARK [1][-]{section*.21}{Majhna nihanja}{}% 21
\BOOKMARK [1][-]{section*.22}{Lagrangev formalizem za zvezno sredstvo}{}% 22
\BOOKMARK [1][-]{section*.23}{Kanonicne transformacije}{}% 23
\BOOKMARK [1][-]{section*.24}{Hamilton-Jacobijev formalizem}{}% 24
\BOOKMARK [1][-]{section*.25}{Vektorski produkti}{}% 25
\BOOKMARK [1][-]{section*.26}{Diferencialne enacbe}{}% 26
\BOOKMARK [1][-]{section*.27}{Enacbe ploskev}{}% 27
