
Oct 26 18:55 [HD144925_f_shifted.fits]: HD 144925
    center      cont      flux       eqw      core     gfwhm     lfwhm
  4577.903  1.006629   -0.0701   0.06964 -0.021893     3.008        0.
  4591.253 0.9801079 -0.016625   0.01696  -0.01471     1.062        0.
  4591.247 0.9709379 -0.002401  0.002473 -0.009093    0.2481        0.
    center      cont      flux       eqw      core     gfwhm     lfwhm

Oct 26 18:59 [HD145216_f_shifted.fits]: HD 145216
    center      cont      flux       eqw      core     gfwhm     lfwhm
  4618.939 0.9932969 -0.353828    0.3562 -0.079546     4.179        0.
  4629.376 0.9763794 -0.162529    0.1665 -0.070505     2.166        0.
   4634.12 0.9780666 -0.119241    0.1219 -0.050467      2.22        0.
  4647.343  1.002087 -0.192996    0.1926 -0.052999     3.421        0.
  4655.842  1.001749 -0.260239    0.2598 -0.053355     4.582        0.
  4667.107 0.9466673 -0.135845    0.1435 -0.063676     2.004        0.
  4678.584  0.989513 -0.115499    0.1167 -0.050011      2.17        0.
  4861.354 0.7868825  -1.64607     2.092 -0.362976      4.26        0.
  6562.978 0.7400404  -1.19235     1.611 -0.284373     3.939        0.

Oct 26 19:02 [HD206165_f_shifted.fits]: HD 206165
  4590.923 0.9794966 -0.079981   0.08166 -0.072259      1.04        0.
  4596.026 0.9847406 -0.073815   0.07496 -0.059097     1.173        0.
  4638.779 0.9585067 -0.103088    0.1076 -0.083689     1.157        0.
  4601.445 0.9482775 -0.044058   0.04646 -0.049413    0.8376        0.
  4601.438 0.9760839   -0.0925   0.09477 -0.077227     1.125        0.
  4596.024 0.9867713 -0.078974   0.08003 -0.060705     1.222        0.
  4590.897 0.9833839 -0.089849   0.09137 -0.074798     1.128        0.
  4638.771 0.9593217 -0.105162    0.1096 -0.084405      1.17        0.
  4661.608 0.9904482 -0.136667     0.138 -0.097576     1.316        0.
  4673.433 0.9837595 -0.020284   0.02062 -0.021758    0.8758        0.
  4676.354 0.9805833 -0.153774    0.1568 -0.067983     2.125        0.
  4676.204 0.9658313 -0.081006   0.08387 -0.079183    0.9611        0.

Oct 26 19:09 [HD207260_f_shifted.fits]: HD 207260
  4596.222 0.9993785 -0.071288   0.07133  -0.09133    0.7333        0.
  4592.297 0.9877913 -0.122872    0.1244 -0.179635    0.6426        0.
  4590.179 0.9875004 -0.067942    0.0688 -0.111909    0.5703        0.
  4596.221 0.9984847 -0.069788   0.06989 -0.090708    0.7228        0.
  6562.522 0.8497001 -0.469912     0.553 -0.213381     2.069        0.
  4861.493 0.6919366 -0.582647    0.8421 -0.363811     1.505        0.

Oct 26 19:19 [HD217919_f_shifted.fits]: HD 217919
  4861.893 0.9264177  -1.36258     1.471 -0.181434     7.055        0.
  4861.613  0.980575  -2.13276     2.175 -0.234186     8.556        0.

Oct 26 19:22 [HD218342_f_shifted.fits]: HD 218342
  4590.971 0.9911348 -0.104582    0.1055 -0.097611     1.007        0.
  4596.134 0.9820583 -0.092934   0.09463 -0.085001     1.027        0.
  4638.776 0.9564124 -0.083333   0.08713 -0.087022    0.8996        0.
  4641.765 0.9592441   -0.1606    0.1674 -0.135481     1.114        0.
  4661.599 0.9908849 -0.110973     0.112  -0.11889    0.8769        0.
  66.41812 0.9914024  -7.20269     7.265 -0.119173     56.78        0.
  4661.599 0.9925282 -0.114266    0.1151 -0.120045    0.8942        0.
  4676.209 0.9729053  -0.09024   0.09275 -0.092966    0.9119        0.

Oct 26 19:28 [HD218440_f_shifted.fits]: HD 218440
  6563.612   0.80177 -0.358521    0.4472 -0.284246     1.185        0.
  4861.563 0.8847082  -1.72231     1.947 -0.302395     5.351        0.
  4340.764 0.8455856  -1.61656     1.912 -0.304668     4.985        0.
  5889.222 0.9852517   -0.3195    0.3243  -0.70495    0.4258        0.
  5895.185 0.9833982  -0.28722    0.2921 -0.674827    0.3998        0.
  4861.545 0.9966827  -3.51803      3.53 -0.374359     8.828        0.
  4631.091 0.9712738 -0.061456   0.06327 -0.053027     1.089        0.
  4596.675 0.9823837 -0.026766   0.02725  -0.03775    0.6661        0.
  4591.507 0.9993971 -0.025351   0.02537 -0.038972    0.6111        0.
  4639.395 0.9624505 -0.037585   0.03905 -0.041384    0.8532        0.
  4662.222 0.9936121 -0.026948   0.02712 -0.051793    0.4888        0.
  4676.772  0.983963 -0.025664   0.02608 -0.040054    0.6019        0.
  4639.398 0.9631774 -0.039109    0.0406 -0.041776    0.8795        0.

Nov  2 11:50 [HD24398_f_shifted.fits]: HD 24398
    center      cont      flux       eqw      core     gfwhm     lfwhm
  4596.154 0.9677949 -0.135405    0.1399 -0.107583     1.182        0.
  4590.927 0.9808086 -0.194833    0.1986 -0.133922     1.367        0.
  4590.955 0.9742435  -0.17472    0.1793 -0.129685     1.266        0.
  4630.574   0.99033 -0.229171    0.2314 -0.145067     1.484        0.
  4661.605  0.990171 -0.211195    0.2133 -0.157272     1.262        0.

Nov 15 10:43 [HD207260_f_shifted.fits]: HD 207260
    center      cont      flux       eqw      core     gfwhm     lfwhm
  4588.447 0.9931376  -0.24827      0.25 -0.347211    0.6717        0.
  4592.298 0.9854124 -0.119423    0.1212 -0.177947    0.6305        0.
  4590.177 0.9862721 -0.066498   0.06742 -0.111405    0.5607        0.
  4596.223 0.9983556 -0.069506   0.06962  -0.09067    0.7202        0.
  4629.604 0.9733036 -0.303252    0.3116  -0.30059    0.9478        0.
    4670.5 0.9818912 -0.064729   0.06592 -0.092358    0.6584        0.

Nov 15 10:51 [HD23180_f_shifted.fits]: HD 23180
    center      cont      flux       eqw      core     gfwhm     lfwhm
  4596.178 0.9871159 -0.092048   0.09325 -0.054223     1.595        0.
  4590.961 0.9803683 -0.110602    0.1128 -0.061596     1.687        0.
  4649.514 0.9956727 -0.475944     0.478  -0.13018     3.435        0.
  4661.667 0.9830087 -0.130154    0.1324 -0.070551     1.733        0.

Nov 15 10:57 [HD25539_f_shifted.fits]: HD 25539
    center      cont      flux       eqw      core     gfwhm     lfwhm
   4601.76 0.9745324 -0.039099   0.04012 -0.025364     1.448        0.
  4643.155 0.9839539 -0.059302   0.06027 -0.020383     2.733        0.
   4638.38 0.9823542  -0.03596   0.03661 -0.014821     2.279        0.

Nov 15 19:57 [HD46484_f_shifted.fits]: HD 46484
    center      cont      flux       eqw      core     gfwhm     lfwhm
  4595.951 0.9878343 -0.081882   0.08289 -0.040678     1.891        0.
  4590.831 0.9900844 -0.059535   0.06013  -0.03913     1.429        0.
  4649.653 0.9728206 -0.553881    0.5694  -0.13394     3.885        0.
  4685.701 0.9801909 -0.088603   0.09039 -0.047956     1.736        0.
  4661.466 0.9873672 -0.070788   0.07169 -0.044792     1.485        0.

Nov 15 20:17 [HD47107_f_shifted.fits]: HD 47107
    center      cont      flux       eqw      core     gfwhm     lfwhm
  4590.952 0.9850339 -0.067849   0.06888 -0.082046    0.7769        0.
  4596.112 0.9644018 -0.073609   0.07633 -0.079145    0.8737        0.
   4638.86 0.9642873  -0.06308   0.06542 -0.071931    0.8239        0.
  4661.632  0.997675 -0.075398   0.07557 -0.094223    0.7517        0.
  4676.223 0.9799918  -0.05836   0.05955 -0.076681     0.715        0.

Nov 15 20:22 [HD53974_f_shifted.fits]: HD 53974
    center      cont      flux       eqw      core     gfwhm     lfwhm
  4591.042 0.9928823 -0.198928    0.2004 -0.057208     3.267        0.
  4596.639 0.9813993 -0.142495    0.1452 -0.045467     2.944        0.
   4596.63 0.9835423 -0.156052    0.1587 -0.047098     3.113        0.
  4596.784  1.001594 -0.281445     0.281 -0.063682     4.152        0.
   4596.85  1.014302  -0.38498    0.3796 -0.075911     4.764        0.
  4596.669 0.9824049 -0.148681    0.1513 -0.046148     3.027        0.
  4591.092 0.9899439 -0.181049    0.1829 -0.054574     3.117        0.
  4662.081 0.9937236 -0.144867    0.1458 -0.049886     2.728        0.
  4676.451 0.9966675 -0.246126    0.2469  -0.06349     3.642        0.
  4650.014 0.9652811 -0.697429    0.7225 -0.158149     4.143        0.

Nov 15 20:31 [HD54439_f_shifted.fits]: HD 54439
    center      cont      flux       eqw      core     gfwhm     lfwhm
  4596.167  0.982839 -0.111007    0.1129 -0.044663     2.335        0.
  4590.517 0.9972566 -0.093276   0.09353 -0.034933     2.508        0.
  4675.716 0.9965682 -0.209886    0.2106 -0.048838     4.037        0.
  4590.621 0.9978684  -0.09616   0.09637 -0.035716     2.529        0.
   4675.61 0.9922829 -0.196332    0.1979 -0.042678     4.322        0.
  4675.639 0.9955527 -0.207117     0.208  -0.04721     4.121        0.

Nov 15 20:46 [HR8243_f_shifted.fits]: HR 8243
    center      cont      flux       eqw      core     gfwhm     lfwhm
  4591.112   0.98724 -0.178043    0.1803 -0.117382     1.425        0.
  4596.332 0.9825063 -0.119254    0.1214 -0.092425     1.212        0.
  4661.781 0.9853302 -0.169724    0.1723 -0.135804     1.174        0.

Nov 18 19:18 [HR8243_f_shifted.fits]: HR 8243
    center      cont      flux       eqw      core     gfwhm     lfwhm
  4499.609 0.7904848   101.187     -149.

Nov 18 19:20 [HR8243_f_shifted.fits]: HR 8243
    center      cont      flux       eqw      core     gfwhm     lfwhm
    4591.1 0.9840761 -0.167476    0.1702 -0.115499     1.362        0.
  4591.096 0.9890113 -0.184319    0.1864 -0.118335     1.463        0.
  4596.333 0.9825043 -0.119254    0.1214 -0.092399     1.212        0.
  4640.764 0.9232491 -0.014001   0.01516  -0.02692    0.4886        0.
   4642.08 0.9322881 -0.243448    0.2611 -0.129414     1.767        0.

Nov 18 19:24 [HD218342_f_shifted.fits]: HD 218342
  4590.944 0.9903255  -0.10319    0.1042  -0.09736    0.9957        0.
  4596.138 0.9790775 -0.085816   0.08765 -0.083114      0.97        0.
  4638.793  0.957206 -0.082598   0.08629 -0.087487    0.8869        0.
  4641.766 0.9587842 -0.159204     0.166 -0.135343     1.105        0.
