

*******************************************************************************
Mon Apr 13 17:23:24 2020


FIT:    data read from 'kerr_podatki.txt' using 1:2
        format = x:z
        #datapoints = 41
        residuals are weighted equally (unit weight)

function used for fitting: f(x)
	f(x)= p1*(sin(pi*b*0.0015*x**2/0.0014**2 + f0/2))**2
fitted parameters initialized with current variable values

iter      chisq       delta/lim  lambda   p1            b             f0           
   0 5.5941788295e-02   0.00e+00  7.39e-02    9.000000e-02   1.400000e-09   1.000000e+00
   6 2.3368682641e-03  -2.00e-01  7.39e-08    8.961925e-02   2.105129e-09  -9.427617e-01

After 6 iterations the fit converged.
final sum of squares of residuals : 0.00233687
rel. change during last iteration : -1.99561e-06

degrees of freedom    (FIT_NDF)                        : 38
rms of residuals      (FIT_STDFIT) = sqrt(WSSR/ndf)    : 0.00784197
variance of residuals (reduced chisquare) = WSSR/ndf   : 6.14965e-05

Final set of parameters            Asymptotic Standard Error
=======================            ==========================
p1              = 0.0896192        +/- 0.002625     (2.929%)
b               = 2.10513e-09      +/- 2.698e-11    (1.282%)
f0              = -0.942762        +/- 0.07124      (7.557%)

correlation matrix of the fit parameters:
                p1     b      f0     
p1              1.000 
b              -0.280  1.000 
f0              0.056 -0.797  1.000 


*******************************************************************************
Mon Apr 13 17:24:08 2020


FIT:    data read from 'kerr_podatki.txt' using 1:2
        format = x:z
        x range restricted to [0.00000 : 1200.00]
        #datapoints = 41
        residuals are weighted equally (unit weight)

function used for fitting: f(x)
	f(x)= p1*(sin(pi*b*0.0015*x**2/0.0014**2 + f0/2))**2
fitted parameters initialized with current variable values

iter      chisq       delta/lim  lambda   p1            b             f0           
   0 2.3368682641e-03   0.00e+00  1.04e-01    8.961925e-02   2.105129e-09  -9.427617e-01
   1 2.3368682635e-03  -2.42e-05  1.04e-01    8.961925e-02   2.105129e-09  -9.427622e-01

After 1 iterations the fit converged.
final sum of squares of residuals : 0.00233687
rel. change during last iteration : -2.42418e-10

degrees of freedom    (FIT_NDF)                        : 38
rms of residuals      (FIT_STDFIT) = sqrt(WSSR/ndf)    : 0.00784197
variance of residuals (reduced chisquare) = WSSR/ndf   : 6.14965e-05

Final set of parameters            Asymptotic Standard Error
=======================            ==========================
p1              = 0.0896192        +/- 0.002625     (2.929%)
b               = 2.10513e-09      +/- 2.698e-11    (1.282%)
f0              = -0.942762        +/- 0.07124      (7.557%)

correlation matrix of the fit parameters:
                p1     b      f0     
p1              1.000 
b              -0.280  1.000 
f0              0.056 -0.797  1.000 


*******************************************************************************
Mon Apr 13 17:47:07 2020


FIT:    data read from 'kerr_podatki.txt' using 1:2
        format = x:z
        x range restricted to [0.00000 : 1200.00]
        #datapoints = 41
        residuals are weighted equally (unit weight)

function used for fitting: f(x)
	f(x)= p1*(sin(pi*b*0.0015*x**2/0.0014**2 + f0/2))**2
fitted parameters initialized with current variable values

iter      chisq       delta/lim  lambda   p1            b             f0           
   0 2.3368682635e-03   0.00e+00  1.04e-01    8.961925e-02   2.105129e-09  -9.427622e-01
   1 2.3368682635e-03  -3.14e-07  1.04e+00    8.961925e-02   2.105129e-09  -9.427622e-01

After 1 iterations the fit converged.
final sum of squares of residuals : 0.00233687
rel. change during last iteration : -3.14209e-12

degrees of freedom    (FIT_NDF)                        : 38
rms of residuals      (FIT_STDFIT) = sqrt(WSSR/ndf)    : 0.00784197
variance of residuals (reduced chisquare) = WSSR/ndf   : 6.14965e-05

Final set of parameters            Asymptotic Standard Error
=======================            ==========================
p1              = 0.0896192        +/- 0.002625     (2.929%)
b               = 2.10513e-09      +/- 2.698e-11    (1.282%)
f0              = -0.942762        +/- 0.07124      (7.557%)

correlation matrix of the fit parameters:
                p1     b      f0     
p1              1.000 
b              -0.280  1.000 
f0              0.056 -0.797  1.000 


*******************************************************************************
Mon Apr 13 17:47:44 2020


FIT:    data read from 'kerr_podatki.txt' using 1:2
        format = x:z
        x range restricted to [0.00000 : 1200.00]
        #datapoints = 41
        residuals are weighted equally (unit weight)

function used for fitting: f(x)
	f(x)= p1*(sin(pi*b*0.0015*x**2/0.0014**2 + f0/2))**2
fitted parameters initialized with current variable values

iter      chisq       delta/lim  lambda   p1            b             f0           
   0 2.3368682635e-03   0.00e+00  1.04e-01    8.961925e-02   2.105129e-09  -9.427622e-01
   1 2.3368682635e-03  -2.98e-07  1.04e+00    8.961925e-02   2.105129e-09  -9.427622e-01

After 1 iterations the fit converged.
final sum of squares of residuals : 0.00233687
rel. change during last iteration : -2.97507e-12

degrees of freedom    (FIT_NDF)                        : 38
rms of residuals      (FIT_STDFIT) = sqrt(WSSR/ndf)    : 0.00784197
variance of residuals (reduced chisquare) = WSSR/ndf   : 6.14965e-05

Final set of parameters            Asymptotic Standard Error
=======================            ==========================
p1              = 0.0896192        +/- 0.002625     (2.929%)
b               = 2.10513e-09      +/- 2.698e-11    (1.282%)
f0              = -0.942762        +/- 0.07124      (7.557%)

correlation matrix of the fit parameters:
                p1     b      f0     
p1              1.000 
b              -0.280  1.000 
f0              0.056 -0.797  1.000 


*******************************************************************************
Mon Apr 13 17:48:17 2020


FIT:    data read from 'kerr_podatki.txt' using 1:2
        format = x:z
        x range restricted to [0.00000 : 1200.00]
        #datapoints = 41
        residuals are weighted equally (unit weight)

function used for fitting: f(x)
	f(x)= p1*(sin(pi*b*0.0015*x**2/0.0014**2 + f0/2))**2
fitted parameters initialized with current variable values

iter      chisq       delta/lim  lambda   p1            b             f0           
   0 2.3368682635e-03   0.00e+00  1.04e-01    8.961925e-02   2.105129e-09  -9.427622e-01
   1 2.3368682635e-03  -2.81e-07  1.04e+00    8.961925e-02   2.105129e-09  -9.427622e-01

After 1 iterations the fit converged.
final sum of squares of residuals : 0.00233687
rel. change during last iteration : -2.81175e-12

degrees of freedom    (FIT_NDF)                        : 38
rms of residuals      (FIT_STDFIT) = sqrt(WSSR/ndf)    : 0.00784197
variance of residuals (reduced chisquare) = WSSR/ndf   : 6.14965e-05

Final set of parameters            Asymptotic Standard Error
=======================            ==========================
p1              = 0.0896192        +/- 0.002625     (2.929%)
b               = 2.10513e-09      +/- 2.698e-11    (1.282%)
f0              = -0.942762        +/- 0.07124      (7.557%)

correlation matrix of the fit parameters:
                p1     b      f0     
p1              1.000 
b              -0.280  1.000 
f0              0.056 -0.797  1.000 


*******************************************************************************
Mon Apr 13 17:48:41 2020


FIT:    data read from 'kerr_podatki.txt' using 1:2
        format = x:z
        x range restricted to [0.00000 : 1200.00]
        #datapoints = 41
        residuals are weighted equally (unit weight)

function used for fitting: f(x)
	f(x)= p1*(sin(pi*b*0.0015*x**2/0.0014**2 + f0/2))**2
fitted parameters initialized with current variable values

iter      chisq       delta/lim  lambda   p1            b             f0           
   0 2.3368682635e-03   0.00e+00  1.04e-01    8.961925e-02   2.105129e-09  -9.427622e-01
   1 2.3368682635e-03  -2.65e-07  1.04e+00    8.961925e-02   2.105129e-09  -9.427622e-01

After 1 iterations the fit converged.
final sum of squares of residuals : 0.00233687
rel. change during last iteration : -2.65085e-12

degrees of freedom    (FIT_NDF)                        : 38
rms of residuals      (FIT_STDFIT) = sqrt(WSSR/ndf)    : 0.00784197
variance of residuals (reduced chisquare) = WSSR/ndf   : 6.14965e-05

Final set of parameters            Asymptotic Standard Error
=======================            ==========================
p1              = 0.0896192        +/- 0.002625     (2.929%)
b               = 2.10513e-09      +/- 2.698e-11    (1.282%)
f0              = -0.942762        +/- 0.07124      (7.557%)

correlation matrix of the fit parameters:
                p1     b      f0     
p1              1.000 
b              -0.280  1.000 
f0              0.056 -0.797  1.000 


*******************************************************************************
Mon Apr 13 17:51:43 2020


FIT:    data read from 'kerr_podatki.txt' using 1:2
        format = x:z
        x range restricted to [0.00000 : 1200.00]
        #datapoints = 41
        residuals are weighted equally (unit weight)

function used for fitting: f(x)
	f(x)= p1*(sin(pi*b*0.0015*x**2/0.0014**2 + f0/2))**2
fitted parameters initialized with current variable values

iter      chisq       delta/lim  lambda   p1            b             f0           
   0 2.3368682635e-03   0.00e+00  1.04e-01    8.961925e-02   2.105129e-09  -9.427622e-01
   1 2.3368682635e-03  -2.49e-07  1.04e+00    8.961925e-02   2.105129e-09  -9.427622e-01

After 1 iterations the fit converged.
final sum of squares of residuals : 0.00233687
rel. change during last iteration : -2.49088e-12

degrees of freedom    (FIT_NDF)                        : 38
rms of residuals      (FIT_STDFIT) = sqrt(WSSR/ndf)    : 0.00784197
variance of residuals (reduced chisquare) = WSSR/ndf   : 6.14965e-05

Final set of parameters            Asymptotic Standard Error
=======================            ==========================
p1              = 0.0896192        +/- 0.002625     (2.929%)
b               = 2.10513e-09      +/- 2.698e-11    (1.282%)
f0              = -0.942762        +/- 0.07124      (7.557%)

correlation matrix of the fit parameters:
                p1     b      f0     
p1              1.000 
b              -0.280  1.000 
f0              0.056 -0.797  1.000 


*******************************************************************************
Mon Apr 13 17:53:45 2020


FIT:    data read from 'kerr_podatki.txt' using 1:2
        format = x:z
        x range restricted to [0.00000 : 1200.00]
        #datapoints = 41
        residuals are weighted equally (unit weight)

function used for fitting: f(x)
	f(x)= p1*(sin(pi*b*0.0015*x**2/0.0014**2 + f0/2))**2
fitted parameters initialized with current variable values

iter      chisq       delta/lim  lambda   p1            b             f0           
   0 2.3368682635e-03   0.00e+00  1.04e-01    8.961925e-02   2.105129e-09  -9.427622e-01
   1 2.3368682635e-03  -2.33e-07  1.04e+00    8.961925e-02   2.105129e-09  -9.427622e-01

After 1 iterations the fit converged.
final sum of squares of residuals : 0.00233687
rel. change during last iteration : -2.33221e-12

degrees of freedom    (FIT_NDF)                        : 38
rms of residuals      (FIT_STDFIT) = sqrt(WSSR/ndf)    : 0.00784197
variance of residuals (reduced chisquare) = WSSR/ndf   : 6.14965e-05

Final set of parameters            Asymptotic Standard Error
=======================            ==========================
p1              = 0.0896192        +/- 0.002625     (2.929%)
b               = 2.10513e-09      +/- 2.698e-11    (1.282%)
f0              = -0.942762        +/- 0.07124      (7.557%)

correlation matrix of the fit parameters:
                p1     b      f0     
p1              1.000 
b              -0.280  1.000 
f0              0.056 -0.797  1.000 


*******************************************************************************
Mon Apr 13 17:54:40 2020


FIT:    data read from 'kerr_podatki.txt' using 1:2
        format = x:z
        x range restricted to [0.00000 : 1200.00]
        #datapoints = 41
        residuals are weighted equally (unit weight)

function used for fitting: f(x)
	f(x)= p1*(sin(pi*b*0.0015*x**2/0.0014**2 + f0/2))**2
fitted parameters initialized with current variable values

iter      chisq       delta/lim  lambda   p1            b             f0           
   0 2.3368682635e-03   0.00e+00  1.04e-01    8.961925e-02   2.105129e-09  -9.427622e-01
   1 2.3368682635e-03  -2.17e-07  1.04e+00    8.961925e-02   2.105129e-09  -9.427622e-01

After 1 iterations the fit converged.
final sum of squares of residuals : 0.00233687
rel. change during last iteration : -2.17372e-12

degrees of freedom    (FIT_NDF)                        : 38
rms of residuals      (FIT_STDFIT) = sqrt(WSSR/ndf)    : 0.00784197
variance of residuals (reduced chisquare) = WSSR/ndf   : 6.14965e-05

Final set of parameters            Asymptotic Standard Error
=======================            ==========================
p1              = 0.0896192        +/- 0.002625     (2.929%)
b               = 2.10513e-09      +/- 2.698e-11    (1.282%)
f0              = -0.942762        +/- 0.07124      (7.557%)

correlation matrix of the fit parameters:
                p1     b      f0     
p1              1.000 
b              -0.280  1.000 
f0              0.056 -0.797  1.000 


*******************************************************************************
Mon Apr 13 17:54:55 2020


FIT:    data read from 'kerr_podatki.txt' using 1:2
        format = x:z
        x range restricted to [0.00000 : 1200.00]
        #datapoints = 41
        residuals are weighted equally (unit weight)

function used for fitting: f(x)
	f(x)= p1*(sin(pi*b*0.0015*x**2/0.0014**2 + f0/2))**2
fitted parameters initialized with current variable values

iter      chisq       delta/lim  lambda   p1            b             f0           
   0 2.3368682635e-03   0.00e+00  1.04e-01    8.961925e-02   2.105129e-09  -9.427622e-01
   1 2.3368682635e-03  -2.02e-07  1.04e+00    8.961925e-02   2.105129e-09  -9.427622e-01

After 1 iterations the fit converged.
final sum of squares of residuals : 0.00233687
rel. change during last iteration : -2.02062e-12

degrees of freedom    (FIT_NDF)                        : 38
rms of residuals      (FIT_STDFIT) = sqrt(WSSR/ndf)    : 0.00784197
variance of residuals (reduced chisquare) = WSSR/ndf   : 6.14965e-05

Final set of parameters            Asymptotic Standard Error
=======================            ==========================
p1              = 0.0896192        +/- 0.002625     (2.929%)
b               = 2.10513e-09      +/- 2.698e-11    (1.282%)
f0              = -0.942762        +/- 0.07124      (7.557%)

correlation matrix of the fit parameters:
                p1     b      f0     
p1              1.000 
b              -0.280  1.000 
f0              0.056 -0.797  1.000 


*******************************************************************************
Mon Apr 13 17:55:37 2020


FIT:    data read from 'kerr_podatki.txt' using 1:2
        format = x:z
        x range restricted to [0.00000 : 1200.00]
        #datapoints = 41
        residuals are weighted equally (unit weight)

function used for fitting: f(x)
	f(x)= p1*(sin(pi*b*0.0015*x**2/0.0014**2 + f0/2))**2
fitted parameters initialized with current variable values

iter      chisq       delta/lim  lambda   p1            b             f0           
   0 2.3368682635e-03   0.00e+00  1.04e-01    8.961925e-02   2.105129e-09  -9.427622e-01
   1 2.3368682635e-03  -1.87e-07  1.04e+00    8.961925e-02   2.105129e-09  -9.427622e-01

After 1 iterations the fit converged.
final sum of squares of residuals : 0.00233687
rel. change during last iteration : -1.8664e-12

degrees of freedom    (FIT_NDF)                        : 38
rms of residuals      (FIT_STDFIT) = sqrt(WSSR/ndf)    : 0.00784197
variance of residuals (reduced chisquare) = WSSR/ndf   : 6.14965e-05

Final set of parameters            Asymptotic Standard Error
=======================            ==========================
p1              = 0.0896192        +/- 0.002625     (2.929%)
b               = 2.10513e-09      +/- 2.698e-11    (1.282%)
f0              = -0.942762        +/- 0.07124      (7.557%)

correlation matrix of the fit parameters:
                p1     b      f0     
p1              1.000 
b              -0.280  1.000 
f0              0.056 -0.797  1.000 
