\BOOKMARK [1][-]{section*.1}{Galaksija}{}% 1
\BOOKMARK [2][-]{section*.2}{Zacetna masna funkcija}{section*.1}% 2
\BOOKMARK [2][-]{section*.3}{Trki med zvezdami}{section*.1}% 3
\BOOKMARK [2][-]{section*.4}{Relativne hitrosti gibanja v galaksiji}{section*.1}% 4
\BOOKMARK [2][-]{section*.5}{Radialna odvisnost gostote temne snovi}{section*.1}% 5
\BOOKMARK [2][-]{section*.6}{Oortove konstate}{section*.1}% 6
\BOOKMARK [2][-]{section*.7}{Gravitacijsko lecenje in Einsteinov radij}{section*.1}% 7
\BOOKMARK [2][-]{section*.8}{Povprecna povr\235inska svetlost elipticnih galaksij}{section*.1}% 8
\BOOKMARK [2][-]{section*.9}{Fiber Jakson relacija za disperzijo in izsev galaksije}{section*.1}% 9
\BOOKMARK [2][-]{section*.10}{Gaussov teorem}{section*.1}% 10
\BOOKMARK [2][-]{section*.11}{Tully fisher relacija}{section*.1}% 11
\BOOKMARK [2][-]{section*.12}{Hubblov zakon in rdeci premik}{section*.1}% 12
\BOOKMARK [2][-]{section*.13}{Kvazarji}{section*.1}% 13
\BOOKMARK [2][-]{section*.14}{Eddingtonov izsev}{section*.1}% 14
\BOOKMARK [2][-]{section*.15}{Aktivna galakticna jedra}{section*.1}% 15
\BOOKMARK [2][-]{section*.16}{Nadsvetlobno superluminalno gibanje}{section*.1}% 16
\BOOKMARK [2][-]{section*.17}{Gravitacijsko lecenje kvazarja zaradi galakticnega jedra}{section*.1}% 17
\BOOKMARK [2][-]{section*.18}{Rochejeva limita plimske motnje}{section*.1}% 18
\BOOKMARK [2][-]{section*.19}{Grupe galaksij}{section*.1}% 19
\BOOKMARK [3][-]{section*.20}{Masa grupe}{section*.19}% 20
\BOOKMARK [2][-]{section*.21}{Halo plina in njegova masa v galaksiji}{section*.1}% 21
\BOOKMARK [2][-]{section*.22}{\227irjenje vesolja}{section*.1}% 22
\BOOKMARK [2][-]{section*.23}{Kozmolo\235ki model}{section*.1}% 23
\BOOKMARK [3][-]{section*.24}{Spreminjanje hubblove konstante}{section*.23}% 24
